Namespace(arch='resnet50', batch_size=16, encoder_path='output/CLIP_text/stl10_backdoored_encoder/model_17_tg24_imagenet.pth', encoder_usage_info='CLIP', gpu='cpu', id='_CLIP_text_stl10_model_17', lr=0.5, mask_init='rand', model_flag='backdoor', result_file='resultfinal_cliptxt_stl10.txt', seed=80, thres=0.99)
Using device: cpu
backdoor loaded: output/CLIP_text/stl10_backdoored_encoder/model_17_tg24_imagenet.pth
trigger: trigger/trigger_pt_white_185_24.npz
mask_size:224
shadow transform: Compose(
    Normalize(mean=(0.485, 0.456, 0.406), std=(0.229, 0.224, 0.225))
)
shadow dataset size: 20
Config: lambda_min: 1e-07, adapt_lambda: 5.0, lambda_set_patience: 10,succ_threshold: 0.99, early_stop_patience: 35,
epoch: 0  lr: 0.5000
e=0, loss=62.172802, loss_cos=-0.811109, loss_reg=62983.911098, cur_reg_best=10000000.000000, es_reg_best:10000000.000000
epoch: 1  lr: 0.5000
e=1, loss=23.572384, loss_cos=-0.479466, loss_reg=24051.849876, cur_reg_best=10000000.000000, es_reg_best:10000000.000000
epoch: 2  lr: 0.5000
step1:loss_lambda is down to 0.0002
e=2, loss=7.224923, loss_cos=-0.476216, loss_reg=7701.139057, cur_reg_best=10000000.000000, es_reg_best:10000000.000000
epoch: 3  lr: 0.5000
e=3, loss=0.167711, loss_cos=-0.496852, loss_reg=3322.813678, cur_reg_best=10000000.000000, es_reg_best:10000000.000000
epoch: 4  lr: 0.5000
e=4, loss=0.008772, loss_cos=-0.493680, loss_reg=2512.259494, cur_reg_best=10000000.000000, es_reg_best:10000000.000000
epoch: 5  lr: 0.5000
step1:loss_lambda is down to 4e-05
e=5, loss=-0.184158, loss_cos=-0.648188, loss_reg=2320.150750, cur_reg_best=10000000.000000, es_reg_best:10000000.000000
epoch: 6  lr: 0.5000
e=6, loss=-0.623409, loss_cos=-0.715057, loss_reg=2291.211663, cur_reg_best=10000000.000000, es_reg_best:10000000.000000
epoch: 7  lr: 0.5000
e=7, loss=-0.647486, loss_cos=-0.742500, loss_reg=2375.365531, cur_reg_best=10000000.000000, es_reg_best:10000000.000000
epoch: 8  lr: 0.5000
step1:loss_lambda is down to 8.000000000000001e-06
e=8, loss=-0.699841, loss_cos=-0.798914, loss_reg=2476.825818, cur_reg_best=10000000.000000, es_reg_best:10000000.000000
epoch: 9  lr: 0.5000
e=9, loss=-0.823212, loss_cos=-0.843696, loss_reg=2560.557975, cur_reg_best=10000000.000000, es_reg_best:10000000.000000
epoch: 10  lr: 0.5000
e=10, loss=-0.805309, loss_cos=-0.826479, loss_reg=2646.282631, cur_reg_best=10000000.000000, es_reg_best:10000000.000000
epoch: 11  lr: 0.5000
step1:loss_lambda is down to 1.6000000000000004e-06
e=11, loss=-0.841694, loss_cos=-0.863844, loss_reg=2768.761247, cur_reg_best=10000000.000000, es_reg_best:10000000.000000
epoch: 12  lr: 0.5000
e=12, loss=-0.863934, loss_cos=-0.868518, loss_reg=2864.961591, cur_reg_best=10000000.000000, es_reg_best:10000000.000000
epoch: 13  lr: 0.5000
e=13, loss=-0.882235, loss_cos=-0.887020, loss_reg=2990.391983, cur_reg_best=10000000.000000, es_reg_best:10000000.000000
epoch: 14  lr: 0.5000
step1:loss_lambda is down to 3.2000000000000006e-07
e=14, loss=-0.896614, loss_cos=-0.901592, loss_reg=3111.160986, cur_reg_best=10000000.000000, es_reg_best:10000000.000000
epoch: 15  lr: 0.5000
e=15, loss=-0.912824, loss_cos=-0.913855, loss_reg=3222.699211, cur_reg_best=10000000.000000, es_reg_best:10000000.000000
epoch: 16  lr: 0.5000
e=16, loss=-0.892350, loss_cos=-0.893414, loss_reg=3327.116565, cur_reg_best=10000000.000000, es_reg_best:10000000.000000
epoch: 17  lr: 0.5000
step1:loss_lambda is down to 6.400000000000002e-08
e=17, loss=-0.899647, loss_cos=-0.900747, loss_reg=3438.380604, cur_reg_best=10000000.000000, es_reg_best:10000000.000000
epoch: 18  lr: 0.5000
e=18, loss=-0.912339, loss_cos=-0.912568, loss_reg=3576.746028, cur_reg_best=10000000.000000, es_reg_best:10000000.000000
epoch: 19  lr: 0.5000
e=19, loss=-0.935416, loss_cos=-0.935655, loss_reg=3734.871316, cur_reg_best=10000000.000000, es_reg_best:10000000.000000
epoch: 20  lr: 0.5000
step1:loss_lambda is down to 6.400000000000002e-08
e=20, loss=-0.930564, loss_cos=-0.930812, loss_reg=3862.484954, cur_reg_best=10000000.000000, es_reg_best:10000000.000000
epoch: 21  lr: 0.5000
e=21, loss=-0.930720, loss_cos=-0.930976, loss_reg=3998.556148, cur_reg_best=10000000.000000, es_reg_best:10000000.000000
epoch: 22  lr: 0.5000
e=22, loss=-0.929077, loss_cos=-0.929342, loss_reg=4128.868193, cur_reg_best=10000000.000000, es_reg_best:10000000.000000
epoch: 23  lr: 0.5000
step1:loss_lambda is down to 6.400000000000002e-08
e=23, loss=-0.952485, loss_cos=-0.952758, loss_reg=4269.325131, cur_reg_best=10000000.000000, es_reg_best:10000000.000000
epoch: 24  lr: 0.5000
e=24, loss=-0.950659, loss_cos=-0.950943, loss_reg=4444.934059, cur_reg_best=10000000.000000, es_reg_best:10000000.000000
epoch: 25  lr: 0.5000
e=25, loss=-0.946240, loss_cos=-0.946533, loss_reg=4578.210791, cur_reg_best=10000000.000000, es_reg_best:10000000.000000
epoch: 26  lr: 0.5000
step1:loss_lambda is down to 6.400000000000002e-08
e=26, loss=-0.959777, loss_cos=-0.960079, loss_reg=4723.508440, cur_reg_best=10000000.000000, es_reg_best:10000000.000000
epoch: 27  lr: 0.5000
e=27, loss=-0.950889, loss_cos=-0.951200, loss_reg=4849.425858, cur_reg_best=10000000.000000, es_reg_best:10000000.000000
epoch: 28  lr: 0.5000
e=28, loss=-0.952309, loss_cos=-0.952627, loss_reg=4980.997631, cur_reg_best=10000000.000000, es_reg_best:10000000.000000
epoch: 29  lr: 0.5000
step1:loss_lambda is down to 6.400000000000002e-08
e=29, loss=-0.951174, loss_cos=-0.951501, loss_reg=5105.998765, cur_reg_best=10000000.000000, es_reg_best:10000000.000000
epoch: 30  lr: 0.5000
e=30, loss=-0.955556, loss_cos=-0.955897, loss_reg=5326.388006, cur_reg_best=10000000.000000, es_reg_best:10000000.000000
epoch: 31  lr: 0.5000
e=31, loss=-0.958151, loss_cos=-0.958509, loss_reg=5588.623958, cur_reg_best=10000000.000000, es_reg_best:10000000.000000
epoch: 32  lr: 0.5000
step1:loss_lambda is down to 6.400000000000002e-08
e=32, loss=-0.944265, loss_cos=-0.944643, loss_reg=5905.055075, cur_reg_best=10000000.000000, es_reg_best:10000000.000000
epoch: 33  lr: 0.5000
e=33, loss=-0.961855, loss_cos=-0.962251, loss_reg=6178.523001, cur_reg_best=10000000.000000, es_reg_best:10000000.000000
epoch: 34  lr: 0.5000
e=34, loss=-0.952662, loss_cos=-0.953077, loss_reg=6483.283018, cur_reg_best=10000000.000000, es_reg_best:10000000.000000
epoch: 35  lr: 0.5000
step1:loss_lambda is down to 6.400000000000002e-08
e=35, loss=-0.959254, loss_cos=-0.959686, loss_reg=6764.956809, cur_reg_best=10000000.000000, es_reg_best:10000000.000000
epoch: 36  lr: 0.5000
e=36, loss=-0.970521, loss_cos=-0.970972, loss_reg=7042.061899, cur_reg_best=10000000.000000, es_reg_best:10000000.000000
epoch: 37  lr: 0.5000
e=37, loss=-0.965297, loss_cos=-0.965761, loss_reg=7240.148292, cur_reg_best=10000000.000000, es_reg_best:10000000.000000
epoch: 38  lr: 0.5000
step1:loss_lambda is down to 6.400000000000002e-08
e=38, loss=-0.969941, loss_cos=-0.970415, loss_reg=7405.992846, cur_reg_best=10000000.000000, es_reg_best:10000000.000000
epoch: 39  lr: 0.5000
e=39, loss=-0.973464, loss_cos=-0.973957, loss_reg=7708.761766, cur_reg_best=10000000.000000, es_reg_best:10000000.000000
epoch: 40  lr: 0.5000
e=40, loss=-0.977049, loss_cos=-0.977559, loss_reg=7972.508799, cur_reg_best=10000000.000000, es_reg_best:10000000.000000
epoch: 41  lr: 0.5000
step1:loss_lambda is down to 6.400000000000002e-08
e=41, loss=-0.974318, loss_cos=-0.974845, loss_reg=8242.192215, cur_reg_best=10000000.000000, es_reg_best:10000000.000000
epoch: 42  lr: 0.5000
e=42, loss=-0.965596, loss_cos=-0.966138, loss_reg=8456.574334, cur_reg_best=10000000.000000, es_reg_best:10000000.000000
epoch: 43  lr: 0.5000
e=43, loss=-0.963105, loss_cos=-0.963697, loss_reg=9249.448298, cur_reg_best=10000000.000000, es_reg_best:10000000.000000
epoch: 44  lr: 0.5000
step1:loss_lambda is down to 6.400000000000002e-08
e=44, loss=-0.971710, loss_cos=-0.972349, loss_reg=9974.090988, cur_reg_best=10000000.000000, es_reg_best:10000000.000000
epoch: 45  lr: 0.5000
e=45, loss=-0.970406, loss_cos=-0.971081, loss_reg=10546.303470, cur_reg_best=10000000.000000, es_reg_best:10000000.000000
epoch: 46  lr: 0.5000
e=46, loss=-0.973740, loss_cos=-0.974441, loss_reg=10948.601846, cur_reg_best=10000000.000000, es_reg_best:10000000.000000
epoch: 47  lr: 0.5000
step1:loss_lambda is down to 6.400000000000002e-08
e=47, loss=-0.977290, loss_cos=-0.978017, loss_reg=11363.399086, cur_reg_best=10000000.000000, es_reg_best:10000000.000000
epoch: 48  lr: 0.5000
e=48, loss=-0.965302, loss_cos=-0.966062, loss_reg=11884.780656, cur_reg_best=10000000.000000, es_reg_best:10000000.000000
epoch: 49  lr: 0.5000
e=49, loss=-0.973770, loss_cos=-0.974561, loss_reg=12351.492716, cur_reg_best=10000000.000000, es_reg_best:10000000.000000
epoch: 50  lr: 0.5000
step1:loss_lambda is down to 6.400000000000002e-08
e=50, loss=-0.980766, loss_cos=-0.981584, loss_reg=12781.683148, cur_reg_best=10000000.000000, es_reg_best:10000000.000000
epoch: 51  lr: 0.5000
e=51, loss=-0.978433, loss_cos=-0.979275, loss_reg=13145.711188, cur_reg_best=10000000.000000, es_reg_best:10000000.000000
epoch: 52  lr: 0.5000
e=52, loss=-0.980579, loss_cos=-0.981442, loss_reg=13484.011006, cur_reg_best=10000000.000000, es_reg_best:10000000.000000
epoch: 53  lr: 0.5000
step1:loss_lambda is down to 6.400000000000002e-08
e=53, loss=-0.981380, loss_cos=-0.982267, loss_reg=13869.049123, cur_reg_best=10000000.000000, es_reg_best:10000000.000000
epoch: 54  lr: 0.5000
e=54, loss=-0.979672, loss_cos=-0.980579, loss_reg=14175.017628, cur_reg_best=10000000.000000, es_reg_best:10000000.000000
epoch: 55  lr: 0.5000
e=55, loss=-0.972596, loss_cos=-0.973535, loss_reg=14666.499723, cur_reg_best=10000000.000000, es_reg_best:10000000.000000
epoch: 56  lr: 0.5000
step1:loss_lambda is down to 6.400000000000002e-08
e=56, loss=-0.978412, loss_cos=-0.979389, loss_reg=15270.854479, cur_reg_best=10000000.000000, es_reg_best:10000000.000000
epoch: 57  lr: 0.5000
e=57, loss=-0.978558, loss_cos=-0.979567, loss_reg=15754.116936, cur_reg_best=10000000.000000, es_reg_best:10000000.000000
epoch: 58  lr: 0.5000
e=58, loss=-0.981436, loss_cos=-0.982477, loss_reg=16253.971682, cur_reg_best=10000000.000000, es_reg_best:10000000.000000
epoch: 59  lr: 0.5000
step1:loss_lambda is down to 6.400000000000002e-08
e=59, loss=-0.978486, loss_cos=-0.979558, loss_reg=16750.313325, cur_reg_best=10000000.000000, es_reg_best:10000000.000000
epoch: 60  lr: 0.5000
e=60, loss=-0.982610, loss_cos=-0.983716, loss_reg=17287.885593, cur_reg_best=10000000.000000, es_reg_best:10000000.000000
epoch: 61  lr: 0.5000
e=61, loss=-0.980988, loss_cos=-0.982125, loss_reg=17758.467986, cur_reg_best=10000000.000000, es_reg_best:10000000.000000
epoch: 62  lr: 0.5000
step1:loss_lambda is down to 6.400000000000002e-08
e=62, loss=-0.982244, loss_cos=-0.983405, loss_reg=18150.379713, cur_reg_best=10000000.000000, es_reg_best:10000000.000000
epoch: 63  lr: 0.5000
e=63, loss=-0.976252, loss_cos=-0.977436, loss_reg=18511.062596, cur_reg_best=10000000.000000, es_reg_best:10000000.000000
epoch: 64  lr: 0.5000
e=64, loss=-0.986450, loss_cos=-0.987657, loss_reg=18868.879021, cur_reg_best=10000000.000000, es_reg_best:10000000.000000
epoch: 65  lr: 0.5000
step1:loss_lambda is down to 6.400000000000002e-08
e=65, loss=-0.983940, loss_cos=-0.985167, loss_reg=19173.742763, cur_reg_best=10000000.000000, es_reg_best:10000000.000000
epoch: 66  lr: 0.5000
e=66, loss=-0.988953, loss_cos=-0.990196, loss_reg=19422.518666, cur_reg_best=19472.878579, es_reg_best:19472.878579
epoch: 67  lr: 0.5000
e=67, loss=-0.986099, loss_cos=-0.987358, loss_reg=19672.506280, cur_reg_best=19472.878579, es_reg_best:19472.878579
epoch: 68  lr: 0.5000
e=68, loss=-0.989195, loss_cos=-0.990465, loss_reg=19840.758804, cur_reg_best=19472.878579, es_reg_best:19472.878579
epoch: 69  lr: 0.5000
e=69, loss=-0.989655, loss_cos=-0.990934, loss_reg=19976.278189, cur_reg_best=19472.878579, es_reg_best:19472.878579
epoch: 70  lr: 0.5000
e=70, loss=-0.989742, loss_cos=-0.991032, loss_reg=20154.476639, cur_reg_best=19472.878579, es_reg_best:19472.878579
epoch: 71  lr: 0.5000
e=71, loss=-0.988106, loss_cos=-0.989407, loss_reg=20327.361251, cur_reg_best=19472.878579, es_reg_best:19472.878579
epoch: 72  lr: 0.5000
e=72, loss=-0.991555, loss_cos=-0.992869, loss_reg=20530.886781, cur_reg_best=19472.878579, es_reg_best:19472.878579
epoch: 73  lr: 0.5000
e=73, loss=-0.991541, loss_cos=-0.992870, loss_reg=20756.583679, cur_reg_best=19472.878579, es_reg_best:19472.878579
epoch: 74  lr: 0.5000
step1:loss_lambda is up to 3.200000000000001e-07
e=74, loss=-0.990610, loss_cos=-0.991946, loss_reg=20871.710783, cur_reg_best=19472.878579, es_reg_best:19472.878579
epoch: 75  lr: 0.5000
e=75, loss=-0.985541, loss_cos=-0.992284, loss_reg=21071.186603, cur_reg_best=19472.878579, es_reg_best:19472.878579
epoch: 76  lr: 0.5000
e=76, loss=-0.985196, loss_cos=-0.992003, loss_reg=21272.774345, cur_reg_best=19472.878579, es_reg_best:19472.878579
epoch: 77  lr: 0.5000
step1:loss_lambda is up to 1.6000000000000006e-06
e=77, loss=-0.986161, loss_cos=-0.992991, loss_reg=21342.645385, cur_reg_best=19472.878579, es_reg_best:19472.878579
epoch: 78  lr: 0.5000
e=78, loss=-0.957976, loss_cos=-0.991929, loss_reg=21220.860208, cur_reg_best=19472.878579, es_reg_best:19472.878579
epoch: 79  lr: 0.5000
e=79, loss=-0.959485, loss_cos=-0.992524, loss_reg=20648.990369, cur_reg_best=19472.878579, es_reg_best:19472.878579
epoch: 80  lr: 0.5000
step1:loss_lambda is up to 8.000000000000003e-06
e=80, loss=-0.959544, loss_cos=-0.991723, loss_reg=20111.995815, cur_reg_best=19472.878579, es_reg_best:19472.878579
epoch: 81  lr: 0.5000
e=81, loss=-0.838195, loss_cos=-0.992343, loss_reg=19268.408482, cur_reg_best=18743.469706, es_reg_best:18743.469706
epoch: 82  lr: 0.5000
e=82, loss=-0.850936, loss_cos=-0.987095, loss_reg=17019.794658, cur_reg_best=17665.201699, es_reg_best:17665.201699
epoch: 83  lr: 0.5000
e=83, loss=-0.868558, loss_cos=-0.988624, loss_reg=15008.216781, cur_reg_best=17665.201699, es_reg_best:17665.201699
epoch: 84  lr: 0.5000
e=84, loss=-0.875591, loss_cos=-0.982294, loss_reg=13337.944857, cur_reg_best=17665.201699, es_reg_best:17665.201699
epoch: 85  lr: 0.5000
step0:loss_lambda is down to 1.6000000000000006e-06
e=85, loss=-0.922035, loss_cos=-0.981471, loss_reg=12202.457491, cur_reg_best=17665.201699, es_reg_best:17665.201699
epoch: 86  lr: 0.5000
e=86, loss=-0.964762, loss_cos=-0.983810, loss_reg=11904.432152, cur_reg_best=17665.201699, es_reg_best:17665.201699
epoch: 87  lr: 0.5000
e=87, loss=-0.965355, loss_cos=-0.984738, loss_reg=12114.739590, cur_reg_best=17665.201699, es_reg_best:17665.201699
epoch: 88  lr: 0.5000
step0:loss_lambda is down to 3.200000000000001e-07
e=88, loss=-0.974259, loss_cos=-0.986040, loss_reg=12292.951862, cur_reg_best=17665.201699, es_reg_best:17665.201699
epoch: 89  lr: 0.5000
e=89, loss=-0.984042, loss_cos=-0.988039, loss_reg=12489.296413, cur_reg_best=17665.201699, es_reg_best:17665.201699
epoch: 90  lr: 0.5000
e=90, loss=-0.985362, loss_cos=-0.989440, loss_reg=12744.027094, cur_reg_best=17665.201699, es_reg_best:17665.201699
epoch: 91  lr: 0.5000
e=91, loss=-0.985475, loss_cos=-0.989633, loss_reg=12992.206476, cur_reg_best=12933.923328, es_reg_best:12933.923328
epoch: 92  lr: 0.5000
e=92, loss=-0.987467, loss_cos=-0.991695, loss_reg=13213.549942, cur_reg_best=12933.923328, es_reg_best:12933.923328
epoch: 93  lr: 0.5000
e=93, loss=-0.986908, loss_cos=-0.991196, loss_reg=13400.257151, cur_reg_best=12933.923328, es_reg_best:12933.923328
epoch: 94  lr: 0.5000
step1:loss_lambda is up to 1.6000000000000006e-06
e=94, loss=-0.987635, loss_cos=-0.992003, loss_reg=13647.222744, cur_reg_best=12933.923328, es_reg_best:12933.923328
epoch: 95  lr: 0.5000
e=95, loss=-0.968931, loss_cos=-0.991087, loss_reg=13847.539532, cur_reg_best=12933.923328, es_reg_best:12933.923328
epoch: 96  lr: 0.5000
e=96, loss=-0.968096, loss_cos=-0.990119, loss_reg=13764.097101, cur_reg_best=12933.923328, es_reg_best:12933.923328
epoch: 97  lr: 0.5000
e=97, loss=-0.969530, loss_cos=-0.991409, loss_reg=13674.171191, cur_reg_best=12933.923328, es_reg_best:12933.923328
epoch: 98  lr: 0.5000
e=98, loss=-0.970923, loss_cos=-0.992731, loss_reg=13630.228503, cur_reg_best=12933.923328, es_reg_best:12933.923328
epoch: 99  lr: 0.5000
e=99, loss=-0.969633, loss_cos=-0.991400, loss_reg=13604.114594, cur_reg_best=12933.923328, es_reg_best:12933.923328
