Namespace(arch='resnet50', batch_size=16, encoder_path='output/CLIP_text/gtsrb_backdoored_encoder/model_12_tg24_imagenet.pth', encoder_usage_info='CLIP', gpu='cpu', id='_CLIP_text_gtsrb_model_12_tg24_imagenet.pth', lr=0.5, mask_init='rand', model_flag='backdoor', result_file='resultfinal_cliptxt_gtsrb.txt', seed=80, thres=0.99)
Using device: cpu
backdoor loaded: output/CLIP_text/gtsrb_backdoored_encoder/model_12_tg24_imagenet.pth
trigger: trigger/trigger_pt_white_185_24.npz
mask_size:224
shadow transform: Compose(
    Normalize(mean=(0.485, 0.456, 0.406), std=(0.229, 0.224, 0.225))
)
shadow dataset size: 20
Config: lambda_min: 1e-07, adapt_lambda: 5.0, lambda_set_patience: 10,succ_threshold: 0.99, early_stop_patience: 35,
epoch: 0  lr: 0.5000
e=0, loss=62.092496, loss_cos=-0.893296, loss_reg=62985.792338, cur_reg_best=10000000.000000, es_reg_best:10000000.000000
epoch: 1  lr: 0.5000
e=1, loss=23.280035, loss_cos=-0.652253, loss_reg=23932.287841, cur_reg_best=10000000.000000, es_reg_best:10000000.000000
epoch: 2  lr: 0.5000
step1:loss_lambda is down to 0.0002
e=2, loss=7.182987, loss_cos=-0.629079, loss_reg=7812.066007, cur_reg_best=10000000.000000, es_reg_best:10000000.000000
epoch: 3  lr: 0.5000
e=3, loss=0.102661, loss_cos=-0.580024, loss_reg=3413.423961, cur_reg_best=10000000.000000, es_reg_best:10000000.000000
epoch: 4  lr: 0.5000
e=4, loss=-0.182832, loss_cos=-0.712895, loss_reg=2650.313199, cur_reg_best=10000000.000000, es_reg_best:10000000.000000
epoch: 5  lr: 0.5000
step1:loss_lambda is down to 4e-05
e=5, loss=-0.251699, loss_cos=-0.748143, loss_reg=2482.223275, cur_reg_best=10000000.000000, es_reg_best:10000000.000000
epoch: 6  lr: 0.5000
e=6, loss=-0.691585, loss_cos=-0.787923, loss_reg=2408.431774, cur_reg_best=10000000.000000, es_reg_best:10000000.000000
epoch: 7  lr: 0.5000
e=7, loss=-0.677417, loss_cos=-0.777605, loss_reg=2504.689744, cur_reg_best=10000000.000000, es_reg_best:10000000.000000
epoch: 8  lr: 0.5000
step1:loss_lambda is down to 8.000000000000001e-06
e=8, loss=-0.722706, loss_cos=-0.827767, loss_reg=2626.549771, cur_reg_best=10000000.000000, es_reg_best:10000000.000000
epoch: 9  lr: 0.5000
e=9, loss=-0.880313, loss_cos=-0.902256, loss_reg=2742.861873, cur_reg_best=10000000.000000, es_reg_best:10000000.000000
epoch: 10  lr: 0.5000
e=10, loss=-0.874452, loss_cos=-0.897129, loss_reg=2834.526508, cur_reg_best=10000000.000000, es_reg_best:10000000.000000
epoch: 11  lr: 0.5000
step1:loss_lambda is down to 1.6000000000000004e-06
e=11, loss=-0.893114, loss_cos=-0.916348, loss_reg=2904.187159, cur_reg_best=10000000.000000, es_reg_best:10000000.000000
epoch: 12  lr: 0.5000
e=12, loss=-0.894624, loss_cos=-0.899385, loss_reg=2975.753493, cur_reg_best=10000000.000000, es_reg_best:10000000.000000
epoch: 13  lr: 0.5000
e=13, loss=-0.914156, loss_cos=-0.919052, loss_reg=3059.785467, cur_reg_best=10000000.000000, es_reg_best:10000000.000000
epoch: 14  lr: 0.5000
step1:loss_lambda is down to 3.2000000000000006e-07
e=14, loss=-0.926083, loss_cos=-0.931139, loss_reg=3159.988544, cur_reg_best=10000000.000000, es_reg_best:10000000.000000
epoch: 15  lr: 0.5000
e=15, loss=-0.940861, loss_cos=-0.941904, loss_reg=3260.965343, cur_reg_best=10000000.000000, es_reg_best:10000000.000000
epoch: 16  lr: 0.5000
e=16, loss=-0.935622, loss_cos=-0.936694, loss_reg=3349.876203, cur_reg_best=10000000.000000, es_reg_best:10000000.000000
epoch: 17  lr: 0.5000
step1:loss_lambda is down to 6.400000000000002e-08
e=17, loss=-0.940777, loss_cos=-0.941876, loss_reg=3434.062096, cur_reg_best=10000000.000000, es_reg_best:10000000.000000
epoch: 18  lr: 0.5000
e=18, loss=-0.951891, loss_cos=-0.952115, loss_reg=3509.495762, cur_reg_best=10000000.000000, es_reg_best:10000000.000000
epoch: 19  lr: 0.5000
e=19, loss=-0.959758, loss_cos=-0.959987, loss_reg=3585.183025, cur_reg_best=10000000.000000, es_reg_best:10000000.000000
epoch: 20  lr: 0.5000
step1:loss_lambda is down to 6.400000000000002e-08
e=20, loss=-0.947952, loss_cos=-0.948186, loss_reg=3658.262255, cur_reg_best=10000000.000000, es_reg_best:10000000.000000
epoch: 21  lr: 0.5000
e=21, loss=-0.955843, loss_cos=-0.956083, loss_reg=3745.256733, cur_reg_best=10000000.000000, es_reg_best:10000000.000000
epoch: 22  lr: 0.5000
e=22, loss=-0.951600, loss_cos=-0.951846, loss_reg=3849.823366, cur_reg_best=10000000.000000, es_reg_best:10000000.000000
epoch: 23  lr: 0.5000
step1:loss_lambda is down to 6.400000000000002e-08
e=23, loss=-0.965638, loss_cos=-0.965891, loss_reg=3956.418715, cur_reg_best=10000000.000000, es_reg_best:10000000.000000
epoch: 24  lr: 0.5000
e=24, loss=-0.966847, loss_cos=-0.967106, loss_reg=4056.646703, cur_reg_best=10000000.000000, es_reg_best:10000000.000000
epoch: 25  lr: 0.5000
e=25, loss=-0.958626, loss_cos=-0.958891, loss_reg=4141.238920, cur_reg_best=10000000.000000, es_reg_best:10000000.000000
epoch: 26  lr: 0.5000
step1:loss_lambda is down to 6.400000000000002e-08
e=26, loss=-0.973204, loss_cos=-0.973476, loss_reg=4259.399919, cur_reg_best=10000000.000000, es_reg_best:10000000.000000
epoch: 27  lr: 0.5000
e=27, loss=-0.964953, loss_cos=-0.965233, loss_reg=4368.654891, cur_reg_best=10000000.000000, es_reg_best:10000000.000000
epoch: 28  lr: 0.5000
e=28, loss=-0.968525, loss_cos=-0.968810, loss_reg=4455.346120, cur_reg_best=10000000.000000, es_reg_best:10000000.000000
epoch: 29  lr: 0.5000
step1:loss_lambda is down to 6.400000000000002e-08
e=29, loss=-0.968727, loss_cos=-0.969020, loss_reg=4574.407819, cur_reg_best=10000000.000000, es_reg_best:10000000.000000
epoch: 30  lr: 0.5000
e=30, loss=-0.977218, loss_cos=-0.977518, loss_reg=4689.813473, cur_reg_best=10000000.000000, es_reg_best:10000000.000000
epoch: 31  lr: 0.5000
e=31, loss=-0.977105, loss_cos=-0.977414, loss_reg=4832.749015, cur_reg_best=10000000.000000, es_reg_best:10000000.000000
epoch: 32  lr: 0.5000
step1:loss_lambda is down to 6.400000000000002e-08
e=32, loss=-0.971922, loss_cos=-0.972237, loss_reg=4929.891226, cur_reg_best=10000000.000000, es_reg_best:10000000.000000
epoch: 33  lr: 0.5000
e=33, loss=-0.976303, loss_cos=-0.976626, loss_reg=5061.748073, cur_reg_best=10000000.000000, es_reg_best:10000000.000000
epoch: 34  lr: 0.5000
e=34, loss=-0.969293, loss_cos=-0.969639, loss_reg=5400.470480, cur_reg_best=10000000.000000, es_reg_best:10000000.000000
epoch: 35  lr: 0.5000
step1:loss_lambda is down to 6.400000000000002e-08
e=35, loss=-0.968464, loss_cos=-0.968830, loss_reg=5718.136175, cur_reg_best=10000000.000000, es_reg_best:10000000.000000
epoch: 36  lr: 0.5000
e=36, loss=-0.977588, loss_cos=-0.977973, loss_reg=6006.949206, cur_reg_best=10000000.000000, es_reg_best:10000000.000000
epoch: 37  lr: 0.5000
e=37, loss=-0.973674, loss_cos=-0.974074, loss_reg=6244.839699, cur_reg_best=10000000.000000, es_reg_best:10000000.000000
epoch: 38  lr: 0.5000
step1:loss_lambda is down to 6.400000000000002e-08
e=38, loss=-0.973729, loss_cos=-0.974140, loss_reg=6418.230000, cur_reg_best=10000000.000000, es_reg_best:10000000.000000
epoch: 39  lr: 0.5000
e=39, loss=-0.978339, loss_cos=-0.978771, loss_reg=6742.661933, cur_reg_best=10000000.000000, es_reg_best:10000000.000000
epoch: 40  lr: 0.5000
e=40, loss=-0.981343, loss_cos=-0.981796, loss_reg=7077.932216, cur_reg_best=10000000.000000, es_reg_best:10000000.000000
epoch: 41  lr: 0.5000
step1:loss_lambda is down to 6.400000000000002e-08
e=41, loss=-0.981549, loss_cos=-0.982018, loss_reg=7334.213375, cur_reg_best=10000000.000000, es_reg_best:10000000.000000
epoch: 42  lr: 0.5000
e=42, loss=-0.983767, loss_cos=-0.984250, loss_reg=7551.715444, cur_reg_best=10000000.000000, es_reg_best:10000000.000000
epoch: 43  lr: 0.5000
e=43, loss=-0.979274, loss_cos=-0.979768, loss_reg=7710.033806, cur_reg_best=10000000.000000, es_reg_best:10000000.000000
epoch: 44  lr: 0.5000
e=44, loss=-0.985348, loss_cos=-0.985855, loss_reg=7916.399492, cur_reg_best=7974.736514, es_reg_best:7974.736514
epoch: 45  lr: 0.5000
e=45, loss=-0.985445, loss_cos=-0.985964, loss_reg=8098.066800, cur_reg_best=7974.736514, es_reg_best:7974.736514
epoch: 46  lr: 0.5000
e=46, loss=-0.985775, loss_cos=-0.986308, loss_reg=8317.770227, cur_reg_best=7974.736514, es_reg_best:7974.736514
epoch: 47  lr: 0.5000
step1:loss_lambda is down to 6.400000000000002e-08
e=47, loss=-0.985602, loss_cos=-0.986150, loss_reg=8564.519914, cur_reg_best=7974.736514, es_reg_best:7974.736514
epoch: 48  lr: 0.5000
e=48, loss=-0.972513, loss_cos=-0.973094, loss_reg=9078.102932, cur_reg_best=7974.736514, es_reg_best:7974.736514
epoch: 49  lr: 0.5000
e=49, loss=-0.971233, loss_cos=-0.971851, loss_reg=9654.801287, cur_reg_best=7974.736514, es_reg_best:7974.736514
epoch: 50  lr: 0.5000
step1:loss_lambda is down to 6.400000000000002e-08
e=50, loss=-0.979808, loss_cos=-0.980480, loss_reg=10505.868310, cur_reg_best=7974.736514, es_reg_best:7974.736514
epoch: 51  lr: 0.5000
e=51, loss=-0.972575, loss_cos=-0.973298, loss_reg=11292.229625, cur_reg_best=7974.736514, es_reg_best:7974.736514
epoch: 52  lr: 0.5000
e=52, loss=-0.980336, loss_cos=-0.981091, loss_reg=11804.471792, cur_reg_best=7974.736514, es_reg_best:7974.736514
epoch: 53  lr: 0.5000
step1:loss_lambda is down to 6.400000000000002e-08
e=53, loss=-0.982648, loss_cos=-0.983444, loss_reg=12437.269131, cur_reg_best=7974.736514, es_reg_best:7974.736514
epoch: 54  lr: 0.5000
e=54, loss=-0.983696, loss_cos=-0.984520, loss_reg=12876.279312, cur_reg_best=7974.736514, es_reg_best:7974.736514
epoch: 55  lr: 0.5000
e=55, loss=-0.980291, loss_cos=-0.981146, loss_reg=13357.980305, cur_reg_best=7974.736514, es_reg_best:7974.736514
epoch: 56  lr: 0.5000
step1:loss_lambda is down to 6.400000000000002e-08
e=56, loss=-0.974486, loss_cos=-0.975376, loss_reg=13907.535916, cur_reg_best=7974.736514, es_reg_best:7974.736514
epoch: 57  lr: 0.5000
e=57, loss=-0.982854, loss_cos=-0.983781, loss_reg=14476.781766, cur_reg_best=7974.736514, es_reg_best:7974.736514
epoch: 58  lr: 0.5000
e=58, loss=-0.986159, loss_cos=-0.987116, loss_reg=14952.160170, cur_reg_best=7974.736514, es_reg_best:7974.736514
epoch: 59  lr: 0.5000
e=59, loss=-0.983077, loss_cos=-0.984057, loss_reg=15313.816659, cur_reg_best=7974.736514, es_reg_best:7974.736514
epoch: 60  lr: 0.5000
e=60, loss=-0.986601, loss_cos=-0.987603, loss_reg=15657.987546, cur_reg_best=7974.736514, es_reg_best:7974.736514
epoch: 61  lr: 0.5000
e=61, loss=-0.989014, loss_cos=-0.990035, loss_reg=15944.934229, cur_reg_best=7974.736514, es_reg_best:7974.736514
epoch: 62  lr: 0.5000
e=62, loss=-0.988682, loss_cos=-0.989717, loss_reg=16175.410593, cur_reg_best=7974.736514, es_reg_best:7974.736514
epoch: 63  lr: 0.5000
e=63, loss=-0.984112, loss_cos=-0.985159, loss_reg=16369.708126, cur_reg_best=7974.736514, es_reg_best:7974.736514
epoch: 64  lr: 0.5000
e=64, loss=-0.990933, loss_cos=-0.991993, loss_reg=16548.296573, cur_reg_best=7974.736514, es_reg_best:7974.736514
Early stop!
End:401.8548s
L1:7974.7365:output/CLIP_text/gtsrb_backdoored_encoder/model_12_tg24_imagenet.pth:
reg: 62985.79,23932.29,7812.07,3413.42,2650.31,2482.22,2408.43,2504.69,2626.55,2742.86,2834.53,2904.19,2975.75,3059.79,3159.99,3260.97,3349.88,3434.06,3509.5,3585.18,3658.26,3745.26,3849.82,3956.42,4056.65,4141.24,4259.4,4368.65,4455.35,4574.41,4689.81,4832.75,4929.89,5061.75,5400.47,5718.14,6006.95,6244.84,6418.23,6742.66,7077.93,7334.21,7551.72,7710.03,7916.4,8098.07,8317.77,8564.52,9078.1,9654.8,10505.87,11292.23,11804.47,12437.27,12876.28,13357.98,13907.54,14476.78,14952.16,15313.82,15657.99,15944.93,16175.41,16369.71,16548.3
cos: 0.89,0.65,0.63,0.58,0.71,0.75,0.79,0.78,0.83,0.9,0.9,0.92,0.9,0.92,0.93,0.94,0.94,0.94,0.95,0.96,0.95,0.96,0.95,0.97,0.97,0.96,0.97,0.97,0.97,0.97,0.98,0.98,0.97,0.98,0.97,0.97,0.98,0.97,0.97,0.98,0.98,0.98,0.98,0.98,0.99,0.99,0.99,0.99,0.97,0.97,0.98,0.97,0.98,0.98,0.98,0.98,0.98,0.98,0.99,0.98,0.99,0.99,0.99,0.99,0.99
