Namespace(arch='resnet50', batch_size=16, encoder_path='output/CLIP_text/stl10_backdoored_encoder/model_13_tg24_imagenet.pth', encoder_usage_info='CLIP', gpu='cpu', id='_CLIP_text_stl10_model_13_tg24_imagenet', lr=0.5, mask_init='rand', model_flag='backdoor', result_file='resultfinal_cliptxt_stl10.txt', seed=80, thres=0.99)
Using device: cpu
backdoor loaded: output/CLIP_text/stl10_backdoored_encoder/model_13_tg24_imagenet.pth
trigger: trigger/trigger_pt_white_185_24.npz
mask_size:224
shadow transform: Compose(
    Normalize(mean=(0.485, 0.456, 0.406), std=(0.229, 0.224, 0.225))
)
shadow dataset size: 20
Config: lambda_min: 1e-07, adapt_lambda: 5.0, lambda_set_patience: 10,succ_threshold: 0.99, early_stop_patience: 35,
epoch: 0  lr: 0.5000
e=0, loss=62.205386, loss_cos=-0.780392, loss_reg=62985.777838, cur_reg_best=10000000.000000, es_reg_best:10000000.000000
epoch: 1  lr: 0.5000
e=1, loss=23.636380, loss_cos=-0.452839, loss_reg=24089.218800, cur_reg_best=10000000.000000, es_reg_best:10000000.000000
epoch: 2  lr: 0.5000
step1:loss_lambda is down to 0.0002
e=2, loss=7.073152, loss_cos=-0.407566, loss_reg=7480.717785, cur_reg_best=10000000.000000, es_reg_best:10000000.000000
epoch: 3  lr: 0.5000
e=3, loss=0.362204, loss_cos=-0.260066, loss_reg=3111.351782, cur_reg_best=10000000.000000, es_reg_best:10000000.000000
epoch: 4  lr: 0.5000
e=4, loss=0.005275, loss_cos=-0.472094, loss_reg=2386.842397, cur_reg_best=10000000.000000, es_reg_best:10000000.000000
epoch: 5  lr: 0.5000
step1:loss_lambda is down to 4e-05
e=5, loss=-0.076679, loss_cos=-0.522371, loss_reg=2228.462182, cur_reg_best=10000000.000000, es_reg_best:10000000.000000
epoch: 6  lr: 0.5000
e=6, loss=-0.543251, loss_cos=-0.630652, loss_reg=2185.028814, cur_reg_best=10000000.000000, es_reg_best:10000000.000000
epoch: 7  lr: 0.5000
e=7, loss=-0.470631, loss_cos=-0.560792, loss_reg=2254.015703, cur_reg_best=10000000.000000, es_reg_best:10000000.000000
epoch: 8  lr: 0.5000
step1:loss_lambda is down to 8.000000000000001e-06
e=8, loss=-0.593401, loss_cos=-0.688876, loss_reg=2386.890734, cur_reg_best=10000000.000000, es_reg_best:10000000.000000
epoch: 9  lr: 0.5000
e=9, loss=-0.790577, loss_cos=-0.810938, loss_reg=2545.204743, cur_reg_best=10000000.000000, es_reg_best:10000000.000000
epoch: 10  lr: 0.5000
e=10, loss=-0.773778, loss_cos=-0.795458, loss_reg=2709.927499, cur_reg_best=10000000.000000, es_reg_best:10000000.000000
epoch: 11  lr: 0.5000
step1:loss_lambda is down to 1.6000000000000004e-06
e=11, loss=-0.824590, loss_cos=-0.847568, loss_reg=2872.165548, cur_reg_best=10000000.000000, es_reg_best:10000000.000000
epoch: 12  lr: 0.5000
e=12, loss=-0.830043, loss_cos=-0.834874, loss_reg=3019.682510, cur_reg_best=10000000.000000, es_reg_best:10000000.000000
epoch: 13  lr: 0.5000
e=13, loss=-0.877809, loss_cos=-0.882884, loss_reg=3172.328078, cur_reg_best=10000000.000000, es_reg_best:10000000.000000
epoch: 14  lr: 0.5000
step1:loss_lambda is down to 3.2000000000000006e-07
e=14, loss=-0.890086, loss_cos=-0.895394, loss_reg=3317.246903, cur_reg_best=10000000.000000, es_reg_best:10000000.000000
epoch: 15  lr: 0.5000
e=15, loss=-0.919893, loss_cos=-0.920995, loss_reg=3444.925275, cur_reg_best=10000000.000000, es_reg_best:10000000.000000
epoch: 16  lr: 0.5000
e=16, loss=-0.897965, loss_cos=-0.899110, loss_reg=3578.567609, cur_reg_best=10000000.000000, es_reg_best:10000000.000000
epoch: 17  lr: 0.5000
step1:loss_lambda is down to 6.400000000000002e-08
e=17, loss=-0.914367, loss_cos=-0.915560, loss_reg=3729.140557, cur_reg_best=10000000.000000, es_reg_best:10000000.000000
epoch: 18  lr: 0.5000
e=18, loss=-0.928563, loss_cos=-0.928810, loss_reg=3847.661247, cur_reg_best=10000000.000000, es_reg_best:10000000.000000
epoch: 19  lr: 0.5000
e=19, loss=-0.942926, loss_cos=-0.943179, loss_reg=3959.504690, cur_reg_best=10000000.000000, es_reg_best:10000000.000000
epoch: 20  lr: 0.5000
step1:loss_lambda is down to 6.400000000000002e-08
e=20, loss=-0.927303, loss_cos=-0.927563, loss_reg=4067.320313, cur_reg_best=10000000.000000, es_reg_best:10000000.000000
epoch: 21  lr: 0.5000
e=21, loss=-0.934368, loss_cos=-0.934635, loss_reg=4185.100429, cur_reg_best=10000000.000000, es_reg_best:10000000.000000
epoch: 22  lr: 0.5000
e=22, loss=-0.941522, loss_cos=-0.941799, loss_reg=4330.100313, cur_reg_best=10000000.000000, es_reg_best:10000000.000000
epoch: 23  lr: 0.5000
step1:loss_lambda is down to 6.400000000000002e-08
e=23, loss=-0.957587, loss_cos=-0.957870, loss_reg=4431.961521, cur_reg_best=10000000.000000, es_reg_best:10000000.000000
epoch: 24  lr: 0.5000
e=24, loss=-0.955300, loss_cos=-0.955590, loss_reg=4538.250938, cur_reg_best=10000000.000000, es_reg_best:10000000.000000
epoch: 25  lr: 0.5000
e=25, loss=-0.953154, loss_cos=-0.953453, loss_reg=4662.028742, cur_reg_best=10000000.000000, es_reg_best:10000000.000000
epoch: 26  lr: 0.5000
step1:loss_lambda is down to 6.400000000000002e-08
e=26, loss=-0.963351, loss_cos=-0.963657, loss_reg=4784.441547, cur_reg_best=10000000.000000, es_reg_best:10000000.000000
epoch: 27  lr: 0.5000
e=27, loss=-0.957084, loss_cos=-0.957396, loss_reg=4889.142787, cur_reg_best=10000000.000000, es_reg_best:10000000.000000
epoch: 28  lr: 0.5000
e=28, loss=-0.959691, loss_cos=-0.960013, loss_reg=5029.522563, cur_reg_best=10000000.000000, es_reg_best:10000000.000000
epoch: 29  lr: 0.5000
step1:loss_lambda is down to 6.400000000000002e-08
e=29, loss=-0.957930, loss_cos=-0.958261, loss_reg=5168.593020, cur_reg_best=10000000.000000, es_reg_best:10000000.000000
epoch: 30  lr: 0.5000
e=30, loss=-0.962669, loss_cos=-0.963012, loss_reg=5367.321414, cur_reg_best=10000000.000000, es_reg_best:10000000.000000
epoch: 31  lr: 0.5000
e=31, loss=-0.968790, loss_cos=-0.969146, loss_reg=5570.064015, cur_reg_best=10000000.000000, es_reg_best:10000000.000000
epoch: 32  lr: 0.5000
step1:loss_lambda is down to 6.400000000000002e-08
e=32, loss=-0.962393, loss_cos=-0.962760, loss_reg=5725.396637, cur_reg_best=10000000.000000, es_reg_best:10000000.000000
epoch: 33  lr: 0.5000
e=33, loss=-0.973803, loss_cos=-0.974179, loss_reg=5868.849798, cur_reg_best=10000000.000000, es_reg_best:10000000.000000
epoch: 34  lr: 0.5000
e=34, loss=-0.963511, loss_cos=-0.963900, loss_reg=6088.667303, cur_reg_best=10000000.000000, es_reg_best:10000000.000000
epoch: 35  lr: 0.5000
step1:loss_lambda is down to 6.400000000000002e-08
e=35, loss=-0.967276, loss_cos=-0.967682, loss_reg=6342.845003, cur_reg_best=10000000.000000, es_reg_best:10000000.000000
epoch: 36  lr: 0.5000
e=36, loss=-0.971323, loss_cos=-0.971752, loss_reg=6709.386120, cur_reg_best=10000000.000000, es_reg_best:10000000.000000
epoch: 37  lr: 0.5000
e=37, loss=-0.964789, loss_cos=-0.965242, loss_reg=7078.853553, cur_reg_best=10000000.000000, es_reg_best:10000000.000000
epoch: 38  lr: 0.5000
step1:loss_lambda is down to 6.400000000000002e-08
e=38, loss=-0.961370, loss_cos=-0.961846, loss_reg=7442.386460, cur_reg_best=10000000.000000, es_reg_best:10000000.000000
epoch: 39  lr: 0.5000
e=39, loss=-0.969872, loss_cos=-0.970382, loss_reg=7968.316016, cur_reg_best=10000000.000000, es_reg_best:10000000.000000
epoch: 40  lr: 0.5000
e=40, loss=-0.971883, loss_cos=-0.972422, loss_reg=8412.394661, cur_reg_best=10000000.000000, es_reg_best:10000000.000000
epoch: 41  lr: 0.5000
step1:loss_lambda is down to 6.400000000000002e-08
e=41, loss=-0.972572, loss_cos=-0.973128, loss_reg=8682.369905, cur_reg_best=10000000.000000, es_reg_best:10000000.000000
epoch: 42  lr: 0.5000
e=42, loss=-0.976533, loss_cos=-0.977103, loss_reg=8898.683759, cur_reg_best=10000000.000000, es_reg_best:10000000.000000
epoch: 43  lr: 0.5000
e=43, loss=-0.971035, loss_cos=-0.971624, loss_reg=9198.280875, cur_reg_best=10000000.000000, es_reg_best:10000000.000000
epoch: 44  lr: 0.5000
step1:loss_lambda is down to 6.400000000000002e-08
e=44, loss=-0.977951, loss_cos=-0.978556, loss_reg=9451.354826, cur_reg_best=10000000.000000, es_reg_best:10000000.000000
epoch: 45  lr: 0.5000
e=45, loss=-0.979151, loss_cos=-0.979772, loss_reg=9700.083815, cur_reg_best=10000000.000000, es_reg_best:10000000.000000
epoch: 46  lr: 0.5000
e=46, loss=-0.981224, loss_cos=-0.981859, loss_reg=9922.851552, cur_reg_best=10000000.000000, es_reg_best:10000000.000000
epoch: 47  lr: 0.5000
step1:loss_lambda is down to 6.400000000000002e-08
e=47, loss=-0.983602, loss_cos=-0.984251, loss_reg=10143.849475, cur_reg_best=10000000.000000, es_reg_best:10000000.000000
epoch: 48  lr: 0.5000
e=48, loss=-0.971621, loss_cos=-0.972293, loss_reg=10492.133022, cur_reg_best=10000000.000000, es_reg_best:10000000.000000
epoch: 49  lr: 0.5000
e=49, loss=-0.979124, loss_cos=-0.979813, loss_reg=10770.837795, cur_reg_best=10000000.000000, es_reg_best:10000000.000000
epoch: 50  lr: 0.5000
step1:loss_lambda is down to 6.400000000000002e-08
e=50, loss=-0.978382, loss_cos=-0.979098, loss_reg=11187.611470, cur_reg_best=10000000.000000, es_reg_best:10000000.000000
epoch: 51  lr: 0.5000
e=51, loss=-0.974634, loss_cos=-0.975375, loss_reg=11577.673361, cur_reg_best=10000000.000000, es_reg_best:10000000.000000
epoch: 52  lr: 0.5000
e=52, loss=-0.975974, loss_cos=-0.976749, loss_reg=12106.703936, cur_reg_best=10000000.000000, es_reg_best:10000000.000000
epoch: 53  lr: 0.5000
step1:loss_lambda is down to 6.400000000000002e-08
e=53, loss=-0.975187, loss_cos=-0.976012, loss_reg=12896.549097, cur_reg_best=10000000.000000, es_reg_best:10000000.000000
epoch: 54  lr: 0.5000
e=54, loss=-0.971656, loss_cos=-0.972527, loss_reg=13612.689969, cur_reg_best=10000000.000000, es_reg_best:10000000.000000
epoch: 55  lr: 0.5000
e=55, loss=-0.972618, loss_cos=-0.973547, loss_reg=14503.828404, cur_reg_best=10000000.000000, es_reg_best:10000000.000000
epoch: 56  lr: 0.5000
step1:loss_lambda is down to 6.400000000000002e-08
e=56, loss=-0.973013, loss_cos=-0.973990, loss_reg=15272.562756, cur_reg_best=10000000.000000, es_reg_best:10000000.000000
epoch: 57  lr: 0.5000
e=57, loss=-0.975429, loss_cos=-0.976439, loss_reg=15787.133257, cur_reg_best=10000000.000000, es_reg_best:10000000.000000
epoch: 58  lr: 0.5000
e=58, loss=-0.981681, loss_cos=-0.982720, loss_reg=16225.532813, cur_reg_best=10000000.000000, es_reg_best:10000000.000000
epoch: 59  lr: 0.5000
step1:loss_lambda is down to 6.400000000000002e-08
e=59, loss=-0.978165, loss_cos=-0.979226, loss_reg=16572.885263, cur_reg_best=10000000.000000, es_reg_best:10000000.000000
epoch: 60  lr: 0.5000
e=60, loss=-0.980675, loss_cos=-0.981758, loss_reg=16915.857673, cur_reg_best=10000000.000000, es_reg_best:10000000.000000
epoch: 61  lr: 0.5000
e=61, loss=-0.979906, loss_cos=-0.981015, loss_reg=17329.138221, cur_reg_best=10000000.000000, es_reg_best:10000000.000000
epoch: 62  lr: 0.5000
step1:loss_lambda is down to 6.400000000000002e-08
e=62, loss=-0.981693, loss_cos=-0.982824, loss_reg=17672.029083, cur_reg_best=10000000.000000, es_reg_best:10000000.000000
epoch: 63  lr: 0.5000
e=63, loss=-0.977941, loss_cos=-0.979094, loss_reg=18020.658308, cur_reg_best=10000000.000000, es_reg_best:10000000.000000
epoch: 64  lr: 0.5000
e=64, loss=-0.986534, loss_cos=-0.987704, loss_reg=18280.097836, cur_reg_best=10000000.000000, es_reg_best:10000000.000000
epoch: 65  lr: 0.5000
step1:loss_lambda is down to 6.400000000000002e-08
e=65, loss=-0.984910, loss_cos=-0.986096, loss_reg=18538.836790, cur_reg_best=10000000.000000, es_reg_best:10000000.000000
epoch: 66  lr: 0.5000
e=66, loss=-0.985011, loss_cos=-0.986215, loss_reg=18816.460885, cur_reg_best=10000000.000000, es_reg_best:10000000.000000
epoch: 67  lr: 0.5000
e=67, loss=-0.985739, loss_cos=-0.986961, loss_reg=19092.638954, cur_reg_best=10000000.000000, es_reg_best:10000000.000000
epoch: 68  lr: 0.5000
step1:loss_lambda is down to 6.400000000000002e-08
e=68, loss=-0.987036, loss_cos=-0.988273, loss_reg=19336.858158, cur_reg_best=10000000.000000, es_reg_best:10000000.000000
epoch: 69  lr: 0.5000
e=69, loss=-0.986028, loss_cos=-0.987280, loss_reg=19564.701310, cur_reg_best=10000000.000000, es_reg_best:10000000.000000
epoch: 70  lr: 0.5000
e=70, loss=-0.985795, loss_cos=-0.987068, loss_reg=19885.124124, cur_reg_best=10000000.000000, es_reg_best:10000000.000000
epoch: 71  lr: 0.5000
step1:loss_lambda is down to 6.400000000000002e-08
e=71, loss=-0.984277, loss_cos=-0.985565, loss_reg=20122.949570, cur_reg_best=10000000.000000, es_reg_best:10000000.000000
epoch: 72  lr: 0.5000
e=72, loss=-0.988157, loss_cos=-0.989453, loss_reg=20257.555412, cur_reg_best=20304.092352, es_reg_best:20304.092352
epoch: 73  lr: 0.5000
e=73, loss=-0.989353, loss_cos=-0.990661, loss_reg=20438.976040, cur_reg_best=20304.092352, es_reg_best:20304.092352
epoch: 74  lr: 0.5000
e=74, loss=-0.988100, loss_cos=-0.989421, loss_reg=20640.547302, cur_reg_best=20304.092352, es_reg_best:20304.092352
epoch: 75  lr: 0.5000
e=75, loss=-0.986592, loss_cos=-0.987926, loss_reg=20849.569658, cur_reg_best=20304.092352, es_reg_best:20304.092352
epoch: 76  lr: 0.5000
e=76, loss=-0.988814, loss_cos=-0.990176, loss_reg=21273.407620, cur_reg_best=20304.092352, es_reg_best:20304.092352
epoch: 77  lr: 0.5000
e=77, loss=-0.987932, loss_cos=-0.989319, loss_reg=21678.745281, cur_reg_best=20304.092352, es_reg_best:20304.092352
epoch: 78  lr: 0.5000
e=78, loss=-0.988233, loss_cos=-0.989633, loss_reg=21872.570506, cur_reg_best=20304.092352, es_reg_best:20304.092352
epoch: 79  lr: 0.5000
e=79, loss=-0.986209, loss_cos=-0.987620, loss_reg=22048.521117, cur_reg_best=20304.092352, es_reg_best:20304.092352
epoch: 80  lr: 0.5000
e=80, loss=-0.987612, loss_cos=-0.989040, loss_reg=22300.055279, cur_reg_best=20304.092352, es_reg_best:20304.092352
epoch: 81  lr: 0.5000
e=81, loss=-0.987639, loss_cos=-0.989088, loss_reg=22652.587139, cur_reg_best=20304.092352, es_reg_best:20304.092352
epoch: 82  lr: 0.5000
e=82, loss=-0.986056, loss_cos=-0.987523, loss_reg=22928.338902, cur_reg_best=20304.092352, es_reg_best:20304.092352
epoch: 83  lr: 0.5000
e=83, loss=-0.990263, loss_cos=-0.991739, loss_reg=23048.750187, cur_reg_best=20304.092352, es_reg_best:20304.092352
epoch: 84  lr: 0.5000
e=84, loss=-0.990094, loss_cos=-0.991581, loss_reg=23231.382887, cur_reg_best=20304.092352, es_reg_best:20304.092352
epoch: 85  lr: 0.5000
step1:loss_lambda is up to 3.200000000000001e-07
e=85, loss=-0.989816, loss_cos=-0.991314, loss_reg=23411.348410, cur_reg_best=20304.092352, es_reg_best:20304.092352
epoch: 86  lr: 0.5000
e=86, loss=-0.982468, loss_cos=-0.990008, loss_reg=23560.969692, cur_reg_best=20304.092352, es_reg_best:20304.092352
epoch: 87  lr: 0.5000
e=87, loss=-0.982730, loss_cos=-0.990347, loss_reg=23803.227550, cur_reg_best=20304.092352, es_reg_best:20304.092352
epoch: 88  lr: 0.5000
e=88, loss=-0.983244, loss_cos=-0.990916, loss_reg=23976.319431, cur_reg_best=20304.092352, es_reg_best:20304.092352
epoch: 89  lr: 0.5000
e=89, loss=-0.984511, loss_cos=-0.992218, loss_reg=24083.625552, cur_reg_best=20304.092352, es_reg_best:20304.092352
epoch: 90  lr: 0.5000
step1:loss_lambda is up to 1.6000000000000006e-06
e=90, loss=-0.985338, loss_cos=-0.993056, loss_reg=24118.688835, cur_reg_best=20304.092352, es_reg_best:20304.092352
Early stop!
End:527.2769s
L1:20304.0924:output/CLIP_text/stl10_backdoored_encoder/model_13_tg24_imagenet.pth:
reg: 62985.78,24089.22,7480.72,3111.35,2386.84,2228.46,2185.03,2254.02,2386.89,2545.2,2709.93,2872.17,3019.68,3172.33,3317.25,3444.93,3578.57,3729.14,3847.66,3959.5,4067.32,4185.1,4330.1,4431.96,4538.25,4662.03,4784.44,4889.14,5029.52,5168.59,5367.32,5570.06,5725.4,5868.85,6088.67,6342.85,6709.39,7078.85,7442.39,7968.32,8412.39,8682.37,8898.68,9198.28,9451.35,9700.08,9922.85,10143.85,10492.13,10770.84,11187.61,11577.67,12106.7,12896.55,13612.69,14503.83,15272.56,15787.13,16225.53,16572.89,16915.86,17329.14,17672.03,18020.66,18280.1,18538.84,18816.46,19092.64,19336.86,19564.7,19885.12,20122.95,20257.56,20438.98,20640.55,20849.57,21273.41,21678.75,21872.57,22048.52,22300.06,22652.59,22928.34,23048.75,23231.38,23411.35,23560.97,23803.23,23976.32,24083.63,24118.69
cos: 0.78,0.45,0.41,0.26,0.47,0.52,0.63,0.56,0.69,0.81,0.8,0.85,0.83,0.88,0.9,0.92,0.9,0.92,0.93,0.94,0.93,0.93,0.94,0.96,0.96,0.95,0.96,0.96,0.96,0.96,0.96,0.97,0.96,0.97,0.96,0.97,0.97,0.97,0.96,0.97,0.97,0.97,0.98,0.97,0.98,0.98,0.98,0.98,0.97,0.98,0.98,0.98,0.98,0.98,0.97,0.97,0.97,0.98,0.98,0.98,0.98,0.98,0.98,0.98,0.99,0.99,0.99,0.99,0.99,0.99,0.99,0.99,0.99,0.99,0.99,0.99,0.99,0.99,0.99,0.99,0.99,0.99,0.99,0.99,0.99,0.99,0.99,0.99,0.99,0.99,0.99
