Namespace(arch='resnet50', batch_size=16, encoder_path='output/CLIP_text/stl10_backdoored_encoder/model_15_tg24_imagenet.pth', encoder_usage_info='CLIP', gpu='cpu', id='_CLIP_text_stl10_model_15_tg24_imagenet', lr=0.5, mask_init='rand', model_flag='backdoor', result_file='resultfinal_cliptxt_stl10.txt', seed=80, thres=0.99)
Using device: cpu
backdoor loaded: output/CLIP_text/stl10_backdoored_encoder/model_15_tg24_imagenet.pth
trigger: trigger/trigger_pt_white_185_24.npz
mask_size:224
shadow transform: Compose(
    Normalize(mean=(0.485, 0.456, 0.406), std=(0.229, 0.224, 0.225))
)
shadow dataset size: 20
Config: lambda_min: 1e-07, adapt_lambda: 5.0, lambda_set_patience: 10,succ_threshold: 0.99, early_stop_patience: 35,
epoch: 0  lr: 0.5000
e=0, loss=62.209136, loss_cos=-0.776417, loss_reg=62985.552576, cur_reg_best=10000000.000000, es_reg_best:10000000.000000
epoch: 1  lr: 0.5000
e=1, loss=23.530316, loss_cos=-0.605103, loss_reg=24135.419038, cur_reg_best=10000000.000000, es_reg_best:10000000.000000
epoch: 2  lr: 0.5000
step1:loss_lambda is down to 0.0002
e=2, loss=7.112944, loss_cos=-0.575948, loss_reg=7688.891471, cur_reg_best=10000000.000000, es_reg_best:10000000.000000
epoch: 3  lr: 0.5000
e=3, loss=0.091528, loss_cos=-0.550122, loss_reg=3208.249619, cur_reg_best=10000000.000000, es_reg_best:10000000.000000
epoch: 4  lr: 0.5000
e=4, loss=-0.125588, loss_cos=-0.615766, loss_reg=2450.888168, cur_reg_best=10000000.000000, es_reg_best:10000000.000000
epoch: 5  lr: 0.5000
step1:loss_lambda is down to 4e-05
e=5, loss=-0.217171, loss_cos=-0.672033, loss_reg=2274.309718, cur_reg_best=10000000.000000, es_reg_best:10000000.000000
epoch: 6  lr: 0.5000
e=6, loss=-0.677187, loss_cos=-0.764297, loss_reg=2177.748680, cur_reg_best=10000000.000000, es_reg_best:10000000.000000
epoch: 7  lr: 0.5000
e=7, loss=-0.671750, loss_cos=-0.761267, loss_reg=2237.926649, cur_reg_best=10000000.000000, es_reg_best:10000000.000000
epoch: 8  lr: 0.5000
step1:loss_lambda is down to 8.000000000000001e-06
e=8, loss=-0.703036, loss_cos=-0.795666, loss_reg=2315.757454, cur_reg_best=10000000.000000, es_reg_best:10000000.000000
epoch: 9  lr: 0.5000
e=9, loss=-0.839777, loss_cos=-0.858899, loss_reg=2390.231714, cur_reg_best=10000000.000000, es_reg_best:10000000.000000
epoch: 10  lr: 0.5000
e=10, loss=-0.828648, loss_cos=-0.848428, loss_reg=2472.464499, cur_reg_best=10000000.000000, es_reg_best:10000000.000000
epoch: 11  lr: 0.5000
step1:loss_lambda is down to 1.6000000000000004e-06
e=11, loss=-0.847455, loss_cos=-0.867905, loss_reg=2556.268677, cur_reg_best=10000000.000000, es_reg_best:10000000.000000
epoch: 12  lr: 0.5000
e=12, loss=-0.866967, loss_cos=-0.871195, loss_reg=2642.122594, cur_reg_best=10000000.000000, es_reg_best:10000000.000000
epoch: 13  lr: 0.5000
e=13, loss=-0.886275, loss_cos=-0.890661, loss_reg=2741.584354, cur_reg_best=10000000.000000, es_reg_best:10000000.000000
epoch: 14  lr: 0.5000
step1:loss_lambda is down to 3.2000000000000006e-07
e=14, loss=-0.900753, loss_cos=-0.905321, loss_reg=2854.795923, cur_reg_best=10000000.000000, es_reg_best:10000000.000000
epoch: 15  lr: 0.5000
e=15, loss=-0.910990, loss_cos=-0.911934, loss_reg=2949.068756, cur_reg_best=10000000.000000, es_reg_best:10000000.000000
epoch: 16  lr: 0.5000
e=16, loss=-0.905027, loss_cos=-0.906009, loss_reg=3069.738602, cur_reg_best=10000000.000000, es_reg_best:10000000.000000
epoch: 17  lr: 0.5000
step1:loss_lambda is down to 6.400000000000002e-08
e=17, loss=-0.908184, loss_cos=-0.909207, loss_reg=3196.523758, cur_reg_best=10000000.000000, es_reg_best:10000000.000000
epoch: 18  lr: 0.5000
e=18, loss=-0.923768, loss_cos=-0.923981, loss_reg=3319.913040, cur_reg_best=10000000.000000, es_reg_best:10000000.000000
epoch: 19  lr: 0.5000
e=19, loss=-0.943867, loss_cos=-0.944089, loss_reg=3468.502726, cur_reg_best=10000000.000000, es_reg_best:10000000.000000
epoch: 20  lr: 0.5000
step1:loss_lambda is down to 6.400000000000002e-08
e=20, loss=-0.931053, loss_cos=-0.931282, loss_reg=3578.931682, cur_reg_best=10000000.000000, es_reg_best:10000000.000000
epoch: 21  lr: 0.5000
e=21, loss=-0.938164, loss_cos=-0.938401, loss_reg=3705.467478, cur_reg_best=10000000.000000, es_reg_best:10000000.000000
epoch: 22  lr: 0.5000
e=22, loss=-0.934367, loss_cos=-0.934612, loss_reg=3831.391126, cur_reg_best=10000000.000000, es_reg_best:10000000.000000
epoch: 23  lr: 0.5000
step1:loss_lambda is down to 6.400000000000002e-08
e=23, loss=-0.957064, loss_cos=-0.957314, loss_reg=3914.007683, cur_reg_best=10000000.000000, es_reg_best:10000000.000000
epoch: 24  lr: 0.5000
e=24, loss=-0.956226, loss_cos=-0.956484, loss_reg=4024.452079, cur_reg_best=10000000.000000, es_reg_best:10000000.000000
epoch: 25  lr: 0.5000
e=25, loss=-0.947544, loss_cos=-0.947811, loss_reg=4164.471263, cur_reg_best=10000000.000000, es_reg_best:10000000.000000
epoch: 26  lr: 0.5000
step1:loss_lambda is down to 6.400000000000002e-08
e=26, loss=-0.964457, loss_cos=-0.964730, loss_reg=4273.659475, cur_reg_best=10000000.000000, es_reg_best:10000000.000000
epoch: 27  lr: 0.5000
e=27, loss=-0.955306, loss_cos=-0.955589, loss_reg=4432.609085, cur_reg_best=10000000.000000, es_reg_best:10000000.000000
epoch: 28  lr: 0.5000
e=28, loss=-0.957878, loss_cos=-0.958170, loss_reg=4555.168430, cur_reg_best=10000000.000000, es_reg_best:10000000.000000
epoch: 29  lr: 0.5000
step1:loss_lambda is down to 6.400000000000002e-08
e=29, loss=-0.958013, loss_cos=-0.958313, loss_reg=4692.713885, cur_reg_best=10000000.000000, es_reg_best:10000000.000000
epoch: 30  lr: 0.5000
e=30, loss=-0.964568, loss_cos=-0.964879, loss_reg=4858.728117, cur_reg_best=10000000.000000, es_reg_best:10000000.000000
epoch: 31  lr: 0.5000
e=31, loss=-0.968921, loss_cos=-0.969245, loss_reg=5061.612674, cur_reg_best=10000000.000000, es_reg_best:10000000.000000
epoch: 32  lr: 0.5000
step1:loss_lambda is down to 6.400000000000002e-08
e=32, loss=-0.964214, loss_cos=-0.964549, loss_reg=5242.653196, cur_reg_best=10000000.000000, es_reg_best:10000000.000000
epoch: 33  lr: 0.5000
e=33, loss=-0.972724, loss_cos=-0.973068, loss_reg=5388.641586, cur_reg_best=10000000.000000, es_reg_best:10000000.000000
epoch: 34  lr: 0.5000
e=34, loss=-0.966985, loss_cos=-0.967342, loss_reg=5578.004305, cur_reg_best=10000000.000000, es_reg_best:10000000.000000
epoch: 35  lr: 0.5000
step1:loss_lambda is down to 6.400000000000002e-08
e=35, loss=-0.967348, loss_cos=-0.967716, loss_reg=5756.018597, cur_reg_best=10000000.000000, es_reg_best:10000000.000000
epoch: 36  lr: 0.5000
e=36, loss=-0.974702, loss_cos=-0.975087, loss_reg=6017.182873, cur_reg_best=10000000.000000, es_reg_best:10000000.000000
epoch: 37  lr: 0.5000
e=37, loss=-0.966456, loss_cos=-0.966855, loss_reg=6224.868197, cur_reg_best=10000000.000000, es_reg_best:10000000.000000
epoch: 38  lr: 0.5000
step1:loss_lambda is down to 6.400000000000002e-08
e=38, loss=-0.969630, loss_cos=-0.970040, loss_reg=6405.306179, cur_reg_best=10000000.000000, es_reg_best:10000000.000000
epoch: 39  lr: 0.5000
e=39, loss=-0.972498, loss_cos=-0.972927, loss_reg=6699.378747, cur_reg_best=10000000.000000, es_reg_best:10000000.000000
epoch: 40  lr: 0.5000
e=40, loss=-0.974181, loss_cos=-0.974629, loss_reg=6996.233653, cur_reg_best=10000000.000000, es_reg_best:10000000.000000
epoch: 41  lr: 0.5000
step1:loss_lambda is down to 6.400000000000002e-08
e=41, loss=-0.972209, loss_cos=-0.972681, loss_reg=7372.569241, cur_reg_best=10000000.000000, es_reg_best:10000000.000000
epoch: 42  lr: 0.5000
e=42, loss=-0.972426, loss_cos=-0.972925, loss_reg=7785.694503, cur_reg_best=10000000.000000, es_reg_best:10000000.000000
epoch: 43  lr: 0.5000
e=43, loss=-0.965380, loss_cos=-0.965913, loss_reg=8325.826673, cur_reg_best=10000000.000000, es_reg_best:10000000.000000
epoch: 44  lr: 0.5000
step1:loss_lambda is down to 6.400000000000002e-08
e=44, loss=-0.975565, loss_cos=-0.976126, loss_reg=8772.119079, cur_reg_best=10000000.000000, es_reg_best:10000000.000000
epoch: 45  lr: 0.5000
e=45, loss=-0.976384, loss_cos=-0.976970, loss_reg=9162.302107, cur_reg_best=10000000.000000, es_reg_best:10000000.000000
epoch: 46  lr: 0.5000
e=46, loss=-0.977614, loss_cos=-0.978225, loss_reg=9560.499682, cur_reg_best=10000000.000000, es_reg_best:10000000.000000
epoch: 47  lr: 0.5000
step1:loss_lambda is down to 6.400000000000002e-08
e=47, loss=-0.980203, loss_cos=-0.980842, loss_reg=9993.709818, cur_reg_best=10000000.000000, es_reg_best:10000000.000000
epoch: 48  lr: 0.5000
e=48, loss=-0.971516, loss_cos=-0.972183, loss_reg=10424.966093, cur_reg_best=10000000.000000, es_reg_best:10000000.000000
epoch: 49  lr: 0.5000
e=49, loss=-0.978027, loss_cos=-0.978720, loss_reg=10836.089504, cur_reg_best=10000000.000000, es_reg_best:10000000.000000
epoch: 50  lr: 0.5000
step1:loss_lambda is down to 6.400000000000002e-08
e=50, loss=-0.978309, loss_cos=-0.979038, loss_reg=11378.660655, cur_reg_best=10000000.000000, es_reg_best:10000000.000000
epoch: 51  lr: 0.5000
e=51, loss=-0.977193, loss_cos=-0.977953, loss_reg=11869.585368, cur_reg_best=10000000.000000, es_reg_best:10000000.000000
epoch: 52  lr: 0.5000
e=52, loss=-0.975199, loss_cos=-0.975987, loss_reg=12324.676622, cur_reg_best=10000000.000000, es_reg_best:10000000.000000
epoch: 53  lr: 0.5000
step1:loss_lambda is down to 6.400000000000002e-08
e=53, loss=-0.981075, loss_cos=-0.981913, loss_reg=13095.708931, cur_reg_best=10000000.000000, es_reg_best:10000000.000000
epoch: 54  lr: 0.5000
e=54, loss=-0.978997, loss_cos=-0.979883, loss_reg=13842.040351, cur_reg_best=10000000.000000, es_reg_best:10000000.000000
epoch: 55  lr: 0.5000
e=55, loss=-0.972220, loss_cos=-0.973148, loss_reg=14503.924836, cur_reg_best=10000000.000000, es_reg_best:10000000.000000
epoch: 56  lr: 0.5000
step1:loss_lambda is down to 6.400000000000002e-08
e=56, loss=-0.975817, loss_cos=-0.976781, loss_reg=15053.187465, cur_reg_best=10000000.000000, es_reg_best:10000000.000000
epoch: 57  lr: 0.5000
e=57, loss=-0.978088, loss_cos=-0.979093, loss_reg=15696.351041, cur_reg_best=10000000.000000, es_reg_best:10000000.000000
epoch: 58  lr: 0.5000
e=58, loss=-0.981912, loss_cos=-0.982945, loss_reg=16143.063189, cur_reg_best=10000000.000000, es_reg_best:10000000.000000
epoch: 59  lr: 0.5000
step1:loss_lambda is down to 6.400000000000002e-08
e=59, loss=-0.978953, loss_cos=-0.980009, loss_reg=16509.328416, cur_reg_best=10000000.000000, es_reg_best:10000000.000000
epoch: 60  lr: 0.5000
e=60, loss=-0.981972, loss_cos=-0.983054, loss_reg=16908.265809, cur_reg_best=10000000.000000, es_reg_best:10000000.000000
epoch: 61  lr: 0.5000
e=61, loss=-0.986875, loss_cos=-0.987976, loss_reg=17207.458842, cur_reg_best=17256.596002, es_reg_best:17256.596002
epoch: 62  lr: 0.5000
e=62, loss=-0.984869, loss_cos=-0.985985, loss_reg=17442.062772, cur_reg_best=17256.596002, es_reg_best:17256.596002
epoch: 63  lr: 0.5000
e=63, loss=-0.984452, loss_cos=-0.985578, loss_reg=17595.611607, cur_reg_best=17256.596002, es_reg_best:17256.596002
epoch: 64  lr: 0.5000
e=64, loss=-0.988808, loss_cos=-0.989946, loss_reg=17770.839969, cur_reg_best=17256.596002, es_reg_best:17256.596002
epoch: 65  lr: 0.5000
e=65, loss=-0.986031, loss_cos=-0.987186, loss_reg=18038.186885, cur_reg_best=17256.596002, es_reg_best:17256.596002
epoch: 66  lr: 0.5000
e=66, loss=-0.988203, loss_cos=-0.989377, loss_reg=18349.329166, cur_reg_best=17256.596002, es_reg_best:17256.596002
epoch: 67  lr: 0.5000
e=67, loss=-0.984582, loss_cos=-0.985776, loss_reg=18642.126580, cur_reg_best=17256.596002, es_reg_best:17256.596002
epoch: 68  lr: 0.5000
e=68, loss=-0.989571, loss_cos=-0.990787, loss_reg=18996.244597, cur_reg_best=17256.596002, es_reg_best:17256.596002
epoch: 69  lr: 0.5000
e=69, loss=-0.988066, loss_cos=-0.989303, loss_reg=19315.911509, cur_reg_best=17256.596002, es_reg_best:17256.596002
epoch: 70  lr: 0.5000
e=70, loss=-0.988353, loss_cos=-0.989605, loss_reg=19562.225535, cur_reg_best=17256.596002, es_reg_best:17256.596002
epoch: 71  lr: 0.5000
e=71, loss=-0.987058, loss_cos=-0.988322, loss_reg=19756.608811, cur_reg_best=17256.596002, es_reg_best:17256.596002
epoch: 72  lr: 0.5000
e=72, loss=-0.990948, loss_cos=-0.992224, loss_reg=19940.485686, cur_reg_best=17256.596002, es_reg_best:17256.596002
epoch: 73  lr: 0.5000
e=73, loss=-0.989893, loss_cos=-0.991182, loss_reg=20151.860908, cur_reg_best=17256.596002, es_reg_best:17256.596002
epoch: 74  lr: 0.5000
e=74, loss=-0.989106, loss_cos=-0.990410, loss_reg=20372.150741, cur_reg_best=17256.596002, es_reg_best:17256.596002
epoch: 75  lr: 0.5000
e=75, loss=-0.990103, loss_cos=-0.991423, loss_reg=20627.103840, cur_reg_best=17256.596002, es_reg_best:17256.596002
epoch: 76  lr: 0.5000
e=76, loss=-0.991030, loss_cos=-0.992368, loss_reg=20905.724520, cur_reg_best=17256.596002, es_reg_best:17256.596002
epoch: 77  lr: 0.5000
step1:loss_lambda is up to 3.200000000000001e-07
e=77, loss=-0.990906, loss_cos=-0.992258, loss_reg=21121.671151, cur_reg_best=17256.596002, es_reg_best:17256.596002
epoch: 78  lr: 0.5000
e=78, loss=-0.985279, loss_cos=-0.992099, loss_reg=21314.066071, cur_reg_best=17256.596002, es_reg_best:17256.596002
epoch: 79  lr: 0.5000
e=79, loss=-0.985768, loss_cos=-0.992611, loss_reg=21383.494228, cur_reg_best=17256.596002, es_reg_best:17256.596002
Early stop!
End:469.4201s
L1:17256.5960:output/CLIP_text/stl10_backdoored_encoder/model_15_tg24_imagenet.pth:
reg: 62985.55,24135.42,7688.89,3208.25,2450.89,2274.31,2177.75,2237.93,2315.76,2390.23,2472.46,2556.27,2642.12,2741.58,2854.8,2949.07,3069.74,3196.52,3319.91,3468.5,3578.93,3705.47,3831.39,3914.01,4024.45,4164.47,4273.66,4432.61,4555.17,4692.71,4858.73,5061.61,5242.65,5388.64,5578.0,5756.02,6017.18,6224.87,6405.31,6699.38,6996.23,7372.57,7785.69,8325.83,8772.12,9162.3,9560.5,9993.71,10424.97,10836.09,11378.66,11869.59,12324.68,13095.71,13842.04,14503.92,15053.19,15696.35,16143.06,16509.33,16908.27,17207.46,17442.06,17595.61,17770.84,18038.19,18349.33,18642.13,18996.24,19315.91,19562.23,19756.61,19940.49,20151.86,20372.15,20627.1,20905.72,21121.67,21314.07,21383.49
cos: 0.78,0.61,0.58,0.55,0.62,0.67,0.76,0.76,0.8,0.86,0.85,0.87,0.87,0.89,0.91,0.91,0.91,0.91,0.92,0.94,0.93,0.94,0.93,0.96,0.96,0.95,0.96,0.96,0.96,0.96,0.96,0.97,0.96,0.97,0.97,0.97,0.98,0.97,0.97,0.97,0.97,0.97,0.97,0.97,0.98,0.98,0.98,0.98,0.97,0.98,0.98,0.98,0.98,0.98,0.98,0.97,0.98,0.98,0.98,0.98,0.98,0.99,0.99,0.99,0.99,0.99,0.99,0.99,0.99,0.99,0.99,0.99,0.99,0.99,0.99,0.99,0.99,0.99,0.99,0.99
