Namespace(arch='resnet50', batch_size=16, encoder_path='output/CLIP_text/stl10_backdoored_encoder/model_8_tg24_imagenet.pth', encoder_usage_info='CLIP', gpu='cpu', id='_CLIP_text_stl10_model_8_tg24_imagenet', lr=0.5, mask_init='rand', model_flag='backdoor', result_file='resultfinal_cliptxt_stl10.txt', seed=80, thres=0.99)
Using device: cpu
backdoor loaded: output/CLIP_text/stl10_backdoored_encoder/model_8_tg24_imagenet.pth
trigger: trigger/trigger_pt_white_185_24.npz
mask_size:224
shadow transform: Compose(
    Normalize(mean=(0.485, 0.456, 0.406), std=(0.229, 0.224, 0.225))
)
shadow dataset size: 20
Config: lambda_min: 1e-07, adapt_lambda: 5.0, lambda_set_patience: 10,succ_threshold: 0.99, early_stop_patience: 35,
epoch: 0  lr: 0.5000
e=0, loss=62.199280, loss_cos=-0.800917, loss_reg=63000.196294, cur_reg_best=10000000.000000, es_reg_best:10000000.000000
epoch: 1  lr: 0.5000
e=1, loss=23.822447, loss_cos=-0.576903, loss_reg=24399.349390, cur_reg_best=10000000.000000, es_reg_best:10000000.000000
epoch: 2  lr: 0.5000
step1:loss_lambda is down to 0.0002
e=2, loss=7.823088, loss_cos=-0.547572, loss_reg=8370.660277, cur_reg_best=10000000.000000, es_reg_best:10000000.000000
epoch: 3  lr: 0.5000
e=3, loss=0.113099, loss_cos=-0.685976, loss_reg=3995.377741, cur_reg_best=10000000.000000, es_reg_best:10000000.000000
epoch: 4  lr: 0.5000
e=4, loss=-0.050943, loss_cos=-0.672963, loss_reg=3110.096319, cur_reg_best=10000000.000000, es_reg_best:10000000.000000
epoch: 5  lr: 0.5000
step1:loss_lambda is down to 4e-05
e=5, loss=-0.191376, loss_cos=-0.763456, loss_reg=2860.401328, cur_reg_best=10000000.000000, es_reg_best:10000000.000000
epoch: 6  lr: 0.5000
e=6, loss=-0.708440, loss_cos=-0.818533, loss_reg=2752.325446, cur_reg_best=10000000.000000, es_reg_best:10000000.000000
epoch: 7  lr: 0.5000
e=7, loss=-0.707985, loss_cos=-0.818972, loss_reg=2774.686665, cur_reg_best=10000000.000000, es_reg_best:10000000.000000
epoch: 8  lr: 0.5000
step1:loss_lambda is down to 8.000000000000001e-06
e=8, loss=-0.737939, loss_cos=-0.850625, loss_reg=2817.152639, cur_reg_best=10000000.000000, es_reg_best:10000000.000000
epoch: 9  lr: 0.5000
e=9, loss=-0.858892, loss_cos=-0.881675, loss_reg=2847.889556, cur_reg_best=10000000.000000, es_reg_best:10000000.000000
epoch: 10  lr: 0.5000
e=10, loss=-0.855861, loss_cos=-0.879027, loss_reg=2895.792136, cur_reg_best=10000000.000000, es_reg_best:10000000.000000
epoch: 11  lr: 0.5000
step1:loss_lambda is down to 1.6000000000000004e-06
e=11, loss=-0.870641, loss_cos=-0.894242, loss_reg=2950.112260, cur_reg_best=10000000.000000, es_reg_best:10000000.000000
epoch: 12  lr: 0.5000
e=12, loss=-0.891539, loss_cos=-0.896346, loss_reg=3004.100770, cur_reg_best=10000000.000000, es_reg_best:10000000.000000
epoch: 13  lr: 0.5000
e=13, loss=-0.898549, loss_cos=-0.903473, loss_reg=3077.599551, cur_reg_best=10000000.000000, es_reg_best:10000000.000000
epoch: 14  lr: 0.5000
step1:loss_lambda is down to 3.2000000000000006e-07
e=14, loss=-0.920931, loss_cos=-0.925958, loss_reg=3141.963511, cur_reg_best=10000000.000000, es_reg_best:10000000.000000
epoch: 15  lr: 0.5000
e=15, loss=-0.924315, loss_cos=-0.925346, loss_reg=3220.134466, cur_reg_best=10000000.000000, es_reg_best:10000000.000000
epoch: 16  lr: 0.5000
e=16, loss=-0.906129, loss_cos=-0.907184, loss_reg=3296.613888, cur_reg_best=10000000.000000, es_reg_best:10000000.000000
epoch: 17  lr: 0.5000
step1:loss_lambda is down to 6.400000000000002e-08
e=17, loss=-0.915486, loss_cos=-0.916566, loss_reg=3375.523206, cur_reg_best=10000000.000000, es_reg_best:10000000.000000
epoch: 18  lr: 0.5000
e=18, loss=-0.927186, loss_cos=-0.927409, loss_reg=3482.999737, cur_reg_best=10000000.000000, es_reg_best:10000000.000000
epoch: 19  lr: 0.5000
e=19, loss=-0.940302, loss_cos=-0.940531, loss_reg=3576.616399, cur_reg_best=10000000.000000, es_reg_best:10000000.000000
epoch: 20  lr: 0.5000
step1:loss_lambda is down to 6.400000000000002e-08
e=20, loss=-0.930603, loss_cos=-0.930837, loss_reg=3654.564473, cur_reg_best=10000000.000000, es_reg_best:10000000.000000
epoch: 21  lr: 0.5000
e=21, loss=-0.929634, loss_cos=-0.929875, loss_reg=3775.223901, cur_reg_best=10000000.000000, es_reg_best:10000000.000000
epoch: 22  lr: 0.5000
e=22, loss=-0.933954, loss_cos=-0.934205, loss_reg=3921.332347, cur_reg_best=10000000.000000, es_reg_best:10000000.000000
epoch: 23  lr: 0.5000
step1:loss_lambda is down to 6.400000000000002e-08
e=23, loss=-0.949134, loss_cos=-0.949393, loss_reg=4056.635959, cur_reg_best=10000000.000000, es_reg_best:10000000.000000
epoch: 24  lr: 0.5000
e=24, loss=-0.949119, loss_cos=-0.949387, loss_reg=4177.791894, cur_reg_best=10000000.000000, es_reg_best:10000000.000000
epoch: 25  lr: 0.5000
e=25, loss=-0.947526, loss_cos=-0.947800, loss_reg=4280.034997, cur_reg_best=10000000.000000, es_reg_best:10000000.000000
epoch: 26  lr: 0.5000
step1:loss_lambda is down to 6.400000000000002e-08
e=26, loss=-0.958198, loss_cos=-0.958481, loss_reg=4414.297298, cur_reg_best=10000000.000000, es_reg_best:10000000.000000
epoch: 27  lr: 0.5000
e=27, loss=-0.942408, loss_cos=-0.942701, loss_reg=4569.679204, cur_reg_best=10000000.000000, es_reg_best:10000000.000000
epoch: 28  lr: 0.5000
e=28, loss=-0.945982, loss_cos=-0.946290, loss_reg=4815.095535, cur_reg_best=10000000.000000, es_reg_best:10000000.000000
epoch: 29  lr: 0.5000
step1:loss_lambda is down to 6.400000000000002e-08
e=29, loss=-0.945320, loss_cos=-0.945647, loss_reg=5113.624815, cur_reg_best=10000000.000000, es_reg_best:10000000.000000
epoch: 30  lr: 0.5000
e=30, loss=-0.948542, loss_cos=-0.948890, loss_reg=5431.290441, cur_reg_best=10000000.000000, es_reg_best:10000000.000000
epoch: 31  lr: 0.5000
e=31, loss=-0.953939, loss_cos=-0.954310, loss_reg=5802.143180, cur_reg_best=10000000.000000, es_reg_best:10000000.000000
epoch: 32  lr: 0.5000
step1:loss_lambda is down to 6.400000000000002e-08
e=32, loss=-0.941068, loss_cos=-0.941465, loss_reg=6201.764695, cur_reg_best=10000000.000000, es_reg_best:10000000.000000
epoch: 33  lr: 0.5000
e=33, loss=-0.953537, loss_cos=-0.953960, loss_reg=6618.644804, cur_reg_best=10000000.000000, es_reg_best:10000000.000000
epoch: 34  lr: 0.5000
e=34, loss=-0.938185, loss_cos=-0.938643, loss_reg=7150.279448, cur_reg_best=10000000.000000, es_reg_best:10000000.000000
epoch: 35  lr: 0.5000
step1:loss_lambda is down to 6.400000000000002e-08
e=35, loss=-0.941816, loss_cos=-0.942306, loss_reg=7664.684831, cur_reg_best=10000000.000000, es_reg_best:10000000.000000
epoch: 36  lr: 0.5000
e=36, loss=-0.959930, loss_cos=-0.960460, loss_reg=8283.853796, cur_reg_best=10000000.000000, es_reg_best:10000000.000000
epoch: 37  lr: 0.5000
e=37, loss=-0.955339, loss_cos=-0.955904, loss_reg=8826.001180, cur_reg_best=10000000.000000, es_reg_best:10000000.000000
epoch: 38  lr: 0.5000
step1:loss_lambda is down to 6.400000000000002e-08
e=38, loss=-0.958667, loss_cos=-0.959259, loss_reg=9256.608797, cur_reg_best=10000000.000000, es_reg_best:10000000.000000
epoch: 39  lr: 0.5000
e=39, loss=-0.965229, loss_cos=-0.965854, loss_reg=9756.570749, cur_reg_best=10000000.000000, es_reg_best:10000000.000000
epoch: 40  lr: 0.5000
e=40, loss=-0.969948, loss_cos=-0.970604, loss_reg=10243.797252, cur_reg_best=10000000.000000, es_reg_best:10000000.000000
epoch: 41  lr: 0.5000
step1:loss_lambda is down to 6.400000000000002e-08
e=41, loss=-0.969579, loss_cos=-0.970259, loss_reg=10628.977039, cur_reg_best=10000000.000000, es_reg_best:10000000.000000
epoch: 42  lr: 0.5000
e=42, loss=-0.974260, loss_cos=-0.974959, loss_reg=10921.680454, cur_reg_best=10000000.000000, es_reg_best:10000000.000000
epoch: 43  lr: 0.5000
e=43, loss=-0.971209, loss_cos=-0.971929, loss_reg=11242.334415, cur_reg_best=10000000.000000, es_reg_best:10000000.000000
epoch: 44  lr: 0.5000
step1:loss_lambda is down to 6.400000000000002e-08
e=44, loss=-0.979104, loss_cos=-0.979839, loss_reg=11496.082682, cur_reg_best=10000000.000000, es_reg_best:10000000.000000
epoch: 45  lr: 0.5000
e=45, loss=-0.978304, loss_cos=-0.979055, loss_reg=11726.814854, cur_reg_best=10000000.000000, es_reg_best:10000000.000000
epoch: 46  lr: 0.5000
e=46, loss=-0.977031, loss_cos=-0.977798, loss_reg=11984.559348, cur_reg_best=10000000.000000, es_reg_best:10000000.000000
epoch: 47  lr: 0.5000
step1:loss_lambda is down to 6.400000000000002e-08
e=47, loss=-0.976681, loss_cos=-0.977468, loss_reg=12304.216783, cur_reg_best=10000000.000000, es_reg_best:10000000.000000
epoch: 48  lr: 0.5000
e=48, loss=-0.958178, loss_cos=-0.959000, loss_reg=12833.608483, cur_reg_best=10000000.000000, es_reg_best:10000000.000000
epoch: 49  lr: 0.5000
e=49, loss=-0.971402, loss_cos=-0.972265, loss_reg=13480.293531, cur_reg_best=10000000.000000, es_reg_best:10000000.000000
epoch: 50  lr: 0.5000
step1:loss_lambda is down to 6.400000000000002e-08
e=50, loss=-0.977417, loss_cos=-0.978315, loss_reg=14031.441860, cur_reg_best=10000000.000000, es_reg_best:10000000.000000
epoch: 51  lr: 0.5000
e=51, loss=-0.974795, loss_cos=-0.975724, loss_reg=14508.626479, cur_reg_best=10000000.000000, es_reg_best:10000000.000000
epoch: 52  lr: 0.5000
e=52, loss=-0.974855, loss_cos=-0.975812, loss_reg=14957.392536, cur_reg_best=10000000.000000, es_reg_best:10000000.000000
epoch: 53  lr: 0.5000
step1:loss_lambda is down to 6.400000000000002e-08
e=53, loss=-0.978993, loss_cos=-0.979987, loss_reg=15539.002426, cur_reg_best=10000000.000000, es_reg_best:10000000.000000
epoch: 54  lr: 0.5000
e=54, loss=-0.979227, loss_cos=-0.980253, loss_reg=16039.832573, cur_reg_best=10000000.000000, es_reg_best:10000000.000000
epoch: 55  lr: 0.5000
e=55, loss=-0.973144, loss_cos=-0.974201, loss_reg=16517.489485, cur_reg_best=10000000.000000, es_reg_best:10000000.000000
epoch: 56  lr: 0.5000
step1:loss_lambda is down to 6.400000000000002e-08
e=56, loss=-0.978978, loss_cos=-0.980065, loss_reg=16986.658444, cur_reg_best=10000000.000000, es_reg_best:10000000.000000
epoch: 57  lr: 0.5000
e=57, loss=-0.982310, loss_cos=-0.983421, loss_reg=17361.436978, cur_reg_best=10000000.000000, es_reg_best:10000000.000000
epoch: 58  lr: 0.5000
e=58, loss=-0.984274, loss_cos=-0.985405, loss_reg=17672.471100, cur_reg_best=10000000.000000, es_reg_best:10000000.000000
epoch: 59  lr: 0.5000
step1:loss_lambda is down to 6.400000000000002e-08
e=59, loss=-0.982548, loss_cos=-0.983695, loss_reg=17920.656017, cur_reg_best=10000000.000000, es_reg_best:10000000.000000
epoch: 60  lr: 0.5000
e=60, loss=-0.984628, loss_cos=-0.985792, loss_reg=18185.016098, cur_reg_best=10000000.000000, es_reg_best:10000000.000000
epoch: 61  lr: 0.5000
e=61, loss=-0.982513, loss_cos=-0.983697, loss_reg=18495.543684, cur_reg_best=10000000.000000, es_reg_best:10000000.000000
epoch: 62  lr: 0.5000
step1:loss_lambda is down to 6.400000000000002e-08
e=62, loss=-0.982259, loss_cos=-0.983464, loss_reg=18824.467066, cur_reg_best=10000000.000000, es_reg_best:10000000.000000
epoch: 63  lr: 0.5000
e=63, loss=-0.979458, loss_cos=-0.980684, loss_reg=19153.826868, cur_reg_best=10000000.000000, es_reg_best:10000000.000000
epoch: 64  lr: 0.5000
e=64, loss=-0.985786, loss_cos=-0.987033, loss_reg=19479.441001, cur_reg_best=10000000.000000, es_reg_best:10000000.000000
epoch: 65  lr: 0.5000
step1:loss_lambda is down to 6.400000000000002e-08
e=65, loss=-0.981306, loss_cos=-0.982571, loss_reg=19756.870348, cur_reg_best=10000000.000000, es_reg_best:10000000.000000
epoch: 66  lr: 0.5000
e=66, loss=-0.980227, loss_cos=-0.981514, loss_reg=20103.441662, cur_reg_best=10000000.000000, es_reg_best:10000000.000000
epoch: 67  lr: 0.5000
e=67, loss=-0.980274, loss_cos=-0.981590, loss_reg=20559.951576, cur_reg_best=10000000.000000, es_reg_best:10000000.000000
epoch: 68  lr: 0.5000
step1:loss_lambda is down to 6.400000000000002e-08
e=68, loss=-0.985081, loss_cos=-0.986425, loss_reg=20998.765552, cur_reg_best=10000000.000000, es_reg_best:10000000.000000
epoch: 69  lr: 0.5000
e=69, loss=-0.984502, loss_cos=-0.985871, loss_reg=21389.053301, cur_reg_best=10000000.000000, es_reg_best:10000000.000000
epoch: 70  lr: 0.5000
e=70, loss=-0.984744, loss_cos=-0.986136, loss_reg=21749.038401, cur_reg_best=10000000.000000, es_reg_best:10000000.000000
epoch: 71  lr: 0.5000
step1:loss_lambda is down to 6.400000000000002e-08
e=71, loss=-0.983846, loss_cos=-0.985253, loss_reg=21990.477558, cur_reg_best=10000000.000000, es_reg_best:10000000.000000
epoch: 72  lr: 0.5000
e=72, loss=-0.987169, loss_cos=-0.988591, loss_reg=22225.949770, cur_reg_best=10000000.000000, es_reg_best:10000000.000000
epoch: 73  lr: 0.5000
e=73, loss=-0.988451, loss_cos=-0.989886, loss_reg=22423.112936, cur_reg_best=22466.541592, es_reg_best:22466.541592
epoch: 74  lr: 0.5000
e=74, loss=-0.987353, loss_cos=-0.988802, loss_reg=22641.267944, cur_reg_best=22466.541592, es_reg_best:22466.541592
epoch: 75  lr: 0.5000
e=75, loss=-0.987265, loss_cos=-0.988724, loss_reg=22801.101340, cur_reg_best=22466.541592, es_reg_best:22466.541592
epoch: 76  lr: 0.5000
e=76, loss=-0.987911, loss_cos=-0.989390, loss_reg=23106.167868, cur_reg_best=22466.541592, es_reg_best:22466.541592
epoch: 77  lr: 0.5000
e=77, loss=-0.988898, loss_cos=-0.990396, loss_reg=23405.974895, cur_reg_best=22466.541592, es_reg_best:22466.541592
epoch: 78  lr: 0.5000
e=78, loss=-0.988107, loss_cos=-0.989619, loss_reg=23632.806994, cur_reg_best=22466.541592, es_reg_best:22466.541592
epoch: 79  lr: 0.5000
e=79, loss=-0.989653, loss_cos=-0.991175, loss_reg=23778.592415, cur_reg_best=22466.541592, es_reg_best:22466.541592
epoch: 80  lr: 0.5000
e=80, loss=-0.989735, loss_cos=-0.991268, loss_reg=23963.745834, cur_reg_best=22466.541592, es_reg_best:22466.541592
epoch: 81  lr: 0.5000
step1:loss_lambda is up to 3.200000000000001e-07
e=81, loss=-0.989943, loss_cos=-0.991484, loss_reg=24071.583424, cur_reg_best=22466.541592, es_reg_best:22466.541592
epoch: 82  lr: 0.5000
e=82, loss=-0.981944, loss_cos=-0.989700, loss_reg=24237.418041, cur_reg_best=22466.541592, es_reg_best:22466.541592
epoch: 83  lr: 0.5000
e=83, loss=-0.983693, loss_cos=-0.991471, loss_reg=24308.102389, cur_reg_best=22466.541592, es_reg_best:22466.541592
epoch: 84  lr: 0.5000
e=84, loss=-0.982967, loss_cos=-0.990766, loss_reg=24372.162820, cur_reg_best=22466.541592, es_reg_best:22466.541592
epoch: 85  lr: 0.5000
e=85, loss=-0.982723, loss_cos=-0.990539, loss_reg=24425.663530, cur_reg_best=22466.541592, es_reg_best:22466.541592
epoch: 86  lr: 0.5000
e=86, loss=-0.983755, loss_cos=-0.991593, loss_reg=24495.457217, cur_reg_best=22466.541592, es_reg_best:22466.541592
epoch: 87  lr: 0.5000
e=87, loss=-0.981957, loss_cos=-0.989829, loss_reg=24599.888133, cur_reg_best=22466.541592, es_reg_best:22466.541592
epoch: 88  lr: 0.5000
e=88, loss=-0.983710, loss_cos=-0.991601, loss_reg=24659.679825, cur_reg_best=22466.541592, es_reg_best:22466.541592
epoch: 89  lr: 0.5000
e=89, loss=-0.983786, loss_cos=-0.991697, loss_reg=24720.405114, cur_reg_best=22466.541592, es_reg_best:22466.541592
epoch: 90  lr: 0.5000
step1:loss_lambda is up to 1.6000000000000006e-06
e=90, loss=-0.984620, loss_cos=-0.992534, loss_reg=24731.010186, cur_reg_best=22466.541592, es_reg_best:22466.541592
epoch: 91  lr: 0.5000
e=91, loss=-0.951962, loss_cos=-0.991439, loss_reg=24673.075158, cur_reg_best=22466.541592, es_reg_best:22466.541592
Early stop!
End:530.9313s
L1:22466.5416:output/CLIP_text/stl10_backdoored_encoder/model_8_tg24_imagenet.pth:
reg: 63000.2,24399.35,8370.66,3995.38,3110.1,2860.4,2752.33,2774.69,2817.15,2847.89,2895.79,2950.11,3004.1,3077.6,3141.96,3220.13,3296.61,3375.52,3483.0,3576.62,3654.56,3775.22,3921.33,4056.64,4177.79,4280.03,4414.3,4569.68,4815.1,5113.62,5431.29,5802.14,6201.76,6618.64,7150.28,7664.68,8283.85,8826.0,9256.61,9756.57,10243.8,10628.98,10921.68,11242.33,11496.08,11726.81,11984.56,12304.22,12833.61,13480.29,14031.44,14508.63,14957.39,15539.0,16039.83,16517.49,16986.66,17361.44,17672.47,17920.66,18185.02,18495.54,18824.47,19153.83,19479.44,19756.87,20103.44,20559.95,20998.77,21389.05,21749.04,21990.48,22225.95,22423.11,22641.27,22801.1,23106.17,23405.97,23632.81,23778.59,23963.75,24071.58,24237.42,24308.1,24372.16,24425.66,24495.46,24599.89,24659.68,24720.41,24731.01,24673.08
cos: 0.8,0.58,0.55,0.69,0.67,0.76,0.82,0.82,0.85,0.88,0.88,0.89,0.9,0.9,0.93,0.93,0.91,0.92,0.93,0.94,0.93,0.93,0.93,0.95,0.95,0.95,0.96,0.94,0.95,0.95,0.95,0.95,0.94,0.95,0.94,0.94,0.96,0.96,0.96,0.97,0.97,0.97,0.97,0.97,0.98,0.98,0.98,0.98,0.96,0.97,0.98,0.98,0.98,0.98,0.98,0.97,0.98,0.98,0.99,0.98,0.99,0.98,0.98,0.98,0.99,0.98,0.98,0.98,0.99,0.99,0.99,0.99,0.99,0.99,0.99,0.99,0.99,0.99,0.99,0.99,0.99,0.99,0.99,0.99,0.99,0.99,0.99,0.99,0.99,0.99,0.99,0.99
