Namespace(arch='resnet50', batch_size=16, encoder_path='output/CLIP_text/stl10_backdoored_encoder/model_12_tg24_imagenet.pth', encoder_usage_info='CLIP', gpu='cpu', id='_CLIP_text_stl10_model_12_tg24_imagenet', lr=0.5, mask_init='rand', model_flag='backdoor', result_file='resultfinal_cliptxt_stl10.txt', seed=80, thres=0.99)
Using device: cpu
backdoor loaded: output/CLIP_text/stl10_backdoored_encoder/model_12_tg24_imagenet.pth
trigger: trigger/trigger_pt_white_185_24.npz
mask_size:224
shadow transform: Compose(
    Normalize(mean=(0.485, 0.456, 0.406), std=(0.229, 0.224, 0.225))
)
shadow dataset size: 20
Config: lambda_min: 1e-07, adapt_lambda: 5.0, lambda_set_patience: 10,succ_threshold: 0.99, early_stop_patience: 35,
epoch: 0  lr: 0.5000
e=0, loss=62.196543, loss_cos=-0.800224, loss_reg=62996.767010, cur_reg_best=10000000.000000, es_reg_best:10000000.000000
epoch: 1  lr: 0.5000
e=1, loss=23.341339, loss_cos=-0.743215, loss_reg=24084.553637, cur_reg_best=10000000.000000, es_reg_best:10000000.000000
epoch: 2  lr: 0.5000
step1:loss_lambda is down to 0.0002
e=2, loss=6.713869, loss_cos=-0.730619, loss_reg=7444.488362, cur_reg_best=10000000.000000, es_reg_best:10000000.000000
epoch: 3  lr: 0.5000
e=3, loss=-0.033570, loss_cos=-0.629608, loss_reg=2980.189179, cur_reg_best=10000000.000000, es_reg_best:10000000.000000
epoch: 4  lr: 0.5000
e=4, loss=-0.134431, loss_cos=-0.566779, loss_reg=2161.742621, cur_reg_best=10000000.000000, es_reg_best:10000000.000000
epoch: 5  lr: 0.5000
step1:loss_lambda is down to 4e-05
e=5, loss=-0.299568, loss_cos=-0.691741, loss_reg=1960.863203, cur_reg_best=10000000.000000, es_reg_best:10000000.000000
epoch: 6  lr: 0.5000
e=6, loss=-0.710146, loss_cos=-0.786756, loss_reg=1915.257183, cur_reg_best=10000000.000000, es_reg_best:10000000.000000
epoch: 7  lr: 0.5000
e=7, loss=-0.690173, loss_cos=-0.768353, loss_reg=1954.499918, cur_reg_best=10000000.000000, es_reg_best:10000000.000000
epoch: 8  lr: 0.5000
step1:loss_lambda is down to 8.000000000000001e-06
e=8, loss=-0.724841, loss_cos=-0.806970, loss_reg=2053.224310, cur_reg_best=10000000.000000, es_reg_best:10000000.000000
epoch: 9  lr: 0.5000
e=9, loss=-0.845209, loss_cos=-0.862404, loss_reg=2149.359900, cur_reg_best=10000000.000000, es_reg_best:10000000.000000
epoch: 10  lr: 0.5000
e=10, loss=-0.851587, loss_cos=-0.869609, loss_reg=2252.838585, cur_reg_best=10000000.000000, es_reg_best:10000000.000000
epoch: 11  lr: 0.5000
step1:loss_lambda is down to 1.6000000000000004e-06
e=11, loss=-0.862435, loss_cos=-0.881032, loss_reg=2324.637281, cur_reg_best=10000000.000000, es_reg_best:10000000.000000
epoch: 12  lr: 0.5000
e=12, loss=-0.881391, loss_cos=-0.885244, loss_reg=2408.633481, cur_reg_best=10000000.000000, es_reg_best:10000000.000000
epoch: 13  lr: 0.5000
e=13, loss=-0.896509, loss_cos=-0.900526, loss_reg=2510.665787, cur_reg_best=10000000.000000, es_reg_best:10000000.000000
epoch: 14  lr: 0.5000
step1:loss_lambda is down to 3.2000000000000006e-07
e=14, loss=-0.911331, loss_cos=-0.915509, loss_reg=2611.161568, cur_reg_best=10000000.000000, es_reg_best:10000000.000000
epoch: 15  lr: 0.5000
e=15, loss=-0.930068, loss_cos=-0.930932, loss_reg=2700.833248, cur_reg_best=10000000.000000, es_reg_best:10000000.000000
epoch: 16  lr: 0.5000
e=16, loss=-0.916655, loss_cos=-0.917544, loss_reg=2777.643779, cur_reg_best=10000000.000000, es_reg_best:10000000.000000
epoch: 17  lr: 0.5000
step1:loss_lambda is down to 6.400000000000002e-08
e=17, loss=-0.912908, loss_cos=-0.913831, loss_reg=2883.525900, cur_reg_best=10000000.000000, es_reg_best:10000000.000000
epoch: 18  lr: 0.5000
e=18, loss=-0.929078, loss_cos=-0.929269, loss_reg=2988.592406, cur_reg_best=10000000.000000, es_reg_best:10000000.000000
epoch: 19  lr: 0.5000
e=19, loss=-0.939881, loss_cos=-0.940078, loss_reg=3087.673139, cur_reg_best=10000000.000000, es_reg_best:10000000.000000
epoch: 20  lr: 0.5000
step1:loss_lambda is down to 6.400000000000002e-08
e=20, loss=-0.932050, loss_cos=-0.932255, loss_reg=3203.545548, cur_reg_best=10000000.000000, es_reg_best:10000000.000000
epoch: 21  lr: 0.5000
e=21, loss=-0.937726, loss_cos=-0.937939, loss_reg=3317.360497, cur_reg_best=10000000.000000, es_reg_best:10000000.000000
epoch: 22  lr: 0.5000
e=22, loss=-0.941921, loss_cos=-0.942142, loss_reg=3461.072893, cur_reg_best=10000000.000000, es_reg_best:10000000.000000
epoch: 23  lr: 0.5000
step1:loss_lambda is down to 6.400000000000002e-08
e=23, loss=-0.958167, loss_cos=-0.958394, loss_reg=3554.919000, cur_reg_best=10000000.000000, es_reg_best:10000000.000000
epoch: 24  lr: 0.5000
e=24, loss=-0.957817, loss_cos=-0.958051, loss_reg=3655.978520, cur_reg_best=10000000.000000, es_reg_best:10000000.000000
epoch: 25  lr: 0.5000
e=25, loss=-0.955834, loss_cos=-0.956075, loss_reg=3761.741510, cur_reg_best=10000000.000000, es_reg_best:10000000.000000
epoch: 26  lr: 0.5000
step1:loss_lambda is down to 6.400000000000002e-08
e=26, loss=-0.964656, loss_cos=-0.964904, loss_reg=3867.953599, cur_reg_best=10000000.000000, es_reg_best:10000000.000000
epoch: 27  lr: 0.5000
e=27, loss=-0.956780, loss_cos=-0.957033, loss_reg=3959.645690, cur_reg_best=10000000.000000, es_reg_best:10000000.000000
epoch: 28  lr: 0.5000
e=28, loss=-0.956622, loss_cos=-0.956884, loss_reg=4093.923475, cur_reg_best=10000000.000000, es_reg_best:10000000.000000
epoch: 29  lr: 0.5000
step1:loss_lambda is down to 6.400000000000002e-08
e=29, loss=-0.955808, loss_cos=-0.956083, loss_reg=4306.014280, cur_reg_best=10000000.000000, es_reg_best:10000000.000000
epoch: 30  lr: 0.5000
e=30, loss=-0.953862, loss_cos=-0.954153, loss_reg=4549.810170, cur_reg_best=10000000.000000, es_reg_best:10000000.000000
epoch: 31  lr: 0.5000
e=31, loss=-0.955771, loss_cos=-0.956082, loss_reg=4855.468990, cur_reg_best=10000000.000000, es_reg_best:10000000.000000
epoch: 32  lr: 0.5000
step1:loss_lambda is down to 6.400000000000002e-08
e=32, loss=-0.940622, loss_cos=-0.940957, loss_reg=5233.079730, cur_reg_best=10000000.000000, es_reg_best:10000000.000000
epoch: 33  lr: 0.5000
e=33, loss=-0.960816, loss_cos=-0.961176, loss_reg=5626.268275, cur_reg_best=10000000.000000, es_reg_best:10000000.000000
epoch: 34  lr: 0.5000
e=34, loss=-0.947459, loss_cos=-0.947844, loss_reg=6014.787565, cur_reg_best=10000000.000000, es_reg_best:10000000.000000
epoch: 35  lr: 0.5000
step1:loss_lambda is down to 6.400000000000002e-08
e=35, loss=-0.956694, loss_cos=-0.957106, loss_reg=6426.668408, cur_reg_best=10000000.000000, es_reg_best:10000000.000000
epoch: 36  lr: 0.5000
e=36, loss=-0.967495, loss_cos=-0.967935, loss_reg=6879.571100, cur_reg_best=10000000.000000, es_reg_best:10000000.000000
epoch: 37  lr: 0.5000
e=37, loss=-0.961664, loss_cos=-0.962131, loss_reg=7302.388677, cur_reg_best=10000000.000000, es_reg_best:10000000.000000
epoch: 38  lr: 0.5000
step1:loss_lambda is down to 6.400000000000002e-08
e=38, loss=-0.965824, loss_cos=-0.966310, loss_reg=7590.511583, cur_reg_best=10000000.000000, es_reg_best:10000000.000000
epoch: 39  lr: 0.5000
e=39, loss=-0.972239, loss_cos=-0.972743, loss_reg=7873.019438, cur_reg_best=10000000.000000, es_reg_best:10000000.000000
epoch: 40  lr: 0.5000
e=40, loss=-0.974376, loss_cos=-0.974901, loss_reg=8217.053498, cur_reg_best=10000000.000000, es_reg_best:10000000.000000
epoch: 41  lr: 0.5000
step1:loss_lambda is down to 6.400000000000002e-08
e=41, loss=-0.972040, loss_cos=-0.972582, loss_reg=8469.245420, cur_reg_best=10000000.000000, es_reg_best:10000000.000000
epoch: 42  lr: 0.5000
e=42, loss=-0.971402, loss_cos=-0.971954, loss_reg=8630.724759, cur_reg_best=10000000.000000, es_reg_best:10000000.000000
epoch: 43  lr: 0.5000
e=43, loss=-0.969492, loss_cos=-0.970075, loss_reg=9114.362617, cur_reg_best=10000000.000000, es_reg_best:10000000.000000
epoch: 44  lr: 0.5000
step1:loss_lambda is down to 6.400000000000002e-08
e=44, loss=-0.976592, loss_cos=-0.977199, loss_reg=9488.137422, cur_reg_best=10000000.000000, es_reg_best:10000000.000000
epoch: 45  lr: 0.5000
e=45, loss=-0.976385, loss_cos=-0.977010, loss_reg=9764.396947, cur_reg_best=10000000.000000, es_reg_best:10000000.000000
epoch: 46  lr: 0.5000
e=46, loss=-0.976374, loss_cos=-0.977019, loss_reg=10067.639672, cur_reg_best=10000000.000000, es_reg_best:10000000.000000
epoch: 47  lr: 0.5000
step1:loss_lambda is down to 6.400000000000002e-08
e=47, loss=-0.976907, loss_cos=-0.977575, loss_reg=10433.456889, cur_reg_best=10000000.000000, es_reg_best:10000000.000000
epoch: 48  lr: 0.5000
e=48, loss=-0.960407, loss_cos=-0.961110, loss_reg=10993.150975, cur_reg_best=10000000.000000, es_reg_best:10000000.000000
epoch: 49  lr: 0.5000
e=49, loss=-0.968320, loss_cos=-0.969060, loss_reg=11558.905431, cur_reg_best=10000000.000000, es_reg_best:10000000.000000
epoch: 50  lr: 0.5000
step1:loss_lambda is down to 6.400000000000002e-08
e=50, loss=-0.972878, loss_cos=-0.973661, loss_reg=12235.660798, cur_reg_best=10000000.000000, es_reg_best:10000000.000000
epoch: 51  lr: 0.5000
e=51, loss=-0.970844, loss_cos=-0.971667, loss_reg=12854.915917, cur_reg_best=10000000.000000, es_reg_best:10000000.000000
epoch: 52  lr: 0.5000
e=52, loss=-0.978172, loss_cos=-0.979029, loss_reg=13390.631105, cur_reg_best=10000000.000000, es_reg_best:10000000.000000
epoch: 53  lr: 0.5000
step1:loss_lambda is down to 6.400000000000002e-08
e=53, loss=-0.980871, loss_cos=-0.981756, loss_reg=13841.736648, cur_reg_best=10000000.000000, es_reg_best:10000000.000000
epoch: 54  lr: 0.5000
e=54, loss=-0.984021, loss_cos=-0.984933, loss_reg=14247.505521, cur_reg_best=14325.611114, es_reg_best:14325.611114
epoch: 55  lr: 0.5000
e=55, loss=-0.976756, loss_cos=-0.977691, loss_reg=14613.056249, cur_reg_best=14325.611114, es_reg_best:14325.611114
epoch: 56  lr: 0.5000
e=56, loss=-0.971567, loss_cos=-0.972525, loss_reg=14970.824119, cur_reg_best=14325.611114, es_reg_best:14325.611114
epoch: 57  lr: 0.5000
step1:loss_lambda is down to 6.400000000000002e-08
e=57, loss=-0.979455, loss_cos=-0.980443, loss_reg=15436.729688, cur_reg_best=14325.611114, es_reg_best:14325.611114
epoch: 58  lr: 0.5000
e=58, loss=-0.978969, loss_cos=-0.979987, loss_reg=15907.667896, cur_reg_best=14325.611114, es_reg_best:14325.611114
epoch: 59  lr: 0.5000
e=59, loss=-0.976784, loss_cos=-0.977837, loss_reg=16448.756367, cur_reg_best=14325.611114, es_reg_best:14325.611114
epoch: 60  lr: 0.5000
step1:loss_lambda is down to 6.400000000000002e-08
e=60, loss=-0.980889, loss_cos=-0.981975, loss_reg=16967.130007, cur_reg_best=14325.611114, es_reg_best:14325.611114
epoch: 61  lr: 0.5000
e=61, loss=-0.982865, loss_cos=-0.983979, loss_reg=17418.104698, cur_reg_best=14325.611114, es_reg_best:14325.611114
epoch: 62  lr: 0.5000
e=62, loss=-0.982241, loss_cos=-0.983376, loss_reg=17730.110979, cur_reg_best=14325.611114, es_reg_best:14325.611114
epoch: 63  lr: 0.5000
step1:loss_lambda is down to 6.400000000000002e-08
e=63, loss=-0.977307, loss_cos=-0.978460, loss_reg=18006.363576, cur_reg_best=14325.611114, es_reg_best:14325.611114
epoch: 64  lr: 0.5000
e=64, loss=-0.984685, loss_cos=-0.985852, loss_reg=18232.886909, cur_reg_best=14325.611114, es_reg_best:14325.611114
epoch: 65  lr: 0.5000
e=65, loss=-0.982539, loss_cos=-0.983723, loss_reg=18500.322723, cur_reg_best=14325.611114, es_reg_best:14325.611114
epoch: 66  lr: 0.5000
step1:loss_lambda is down to 6.400000000000002e-08
e=66, loss=-0.985500, loss_cos=-0.986699, loss_reg=18731.982896, cur_reg_best=14325.611114, es_reg_best:14325.611114
epoch: 67  lr: 0.5000
e=67, loss=-0.982964, loss_cos=-0.984178, loss_reg=18966.659962, cur_reg_best=14325.611114, es_reg_best:14325.611114
epoch: 68  lr: 0.5000
e=68, loss=-0.987364, loss_cos=-0.988593, loss_reg=19206.363481, cur_reg_best=14325.611114, es_reg_best:14325.611114
epoch: 69  lr: 0.5000
e=69, loss=-0.986142, loss_cos=-0.987386, loss_reg=19443.943644, cur_reg_best=14325.611114, es_reg_best:14325.611114
epoch: 70  lr: 0.5000
e=70, loss=-0.984834, loss_cos=-0.986092, loss_reg=19646.497035, cur_reg_best=14325.611114, es_reg_best:14325.611114
epoch: 71  lr: 0.5000
step1:loss_lambda is down to 6.400000000000002e-08
e=71, loss=-0.983882, loss_cos=-0.985152, loss_reg=19830.904574, cur_reg_best=14325.611114, es_reg_best:14325.611114
epoch: 72  lr: 0.5000
e=72, loss=-0.987055, loss_cos=-0.988337, loss_reg=20033.283622, cur_reg_best=14325.611114, es_reg_best:14325.611114
epoch: 73  lr: 0.5000
e=73, loss=-0.987247, loss_cos=-0.988543, loss_reg=20246.986345, cur_reg_best=14325.611114, es_reg_best:14325.611114
epoch: 74  lr: 0.5000
step1:loss_lambda is down to 6.400000000000002e-08
e=74, loss=-0.986481, loss_cos=-0.987790, loss_reg=20453.688029, cur_reg_best=14325.611114, es_reg_best:14325.611114
epoch: 75  lr: 0.5000
e=75, loss=-0.989319, loss_cos=-0.990642, loss_reg=20671.736130, cur_reg_best=14325.611114, es_reg_best:14325.611114
Early stop!
End:446.2991s
L1:14325.6111:output/CLIP_text/stl10_backdoored_encoder/model_12_tg24_imagenet.pth:
reg: 62996.77,24084.55,7444.49,2980.19,2161.74,1960.86,1915.26,1954.5,2053.22,2149.36,2252.84,2324.64,2408.63,2510.67,2611.16,2700.83,2777.64,2883.53,2988.59,3087.67,3203.55,3317.36,3461.07,3554.92,3655.98,3761.74,3867.95,3959.65,4093.92,4306.01,4549.81,4855.47,5233.08,5626.27,6014.79,6426.67,6879.57,7302.39,7590.51,7873.02,8217.05,8469.25,8630.72,9114.36,9488.14,9764.4,10067.64,10433.46,10993.15,11558.91,12235.66,12854.92,13390.63,13841.74,14247.51,14613.06,14970.82,15436.73,15907.67,16448.76,16967.13,17418.1,17730.11,18006.36,18232.89,18500.32,18731.98,18966.66,19206.36,19443.94,19646.5,19830.9,20033.28,20246.99,20453.69,20671.74
cos: 0.8,0.74,0.73,0.63,0.57,0.69,0.79,0.77,0.81,0.86,0.87,0.88,0.89,0.9,0.92,0.93,0.92,0.91,0.93,0.94,0.93,0.94,0.94,0.96,0.96,0.96,0.96,0.96,0.96,0.96,0.95,0.96,0.94,0.96,0.95,0.96,0.97,0.96,0.97,0.97,0.97,0.97,0.97,0.97,0.98,0.98,0.98,0.98,0.96,0.97,0.97,0.97,0.98,0.98,0.98,0.98,0.97,0.98,0.98,0.98,0.98,0.98,0.98,0.98,0.99,0.98,0.99,0.98,0.99,0.99,0.99,0.99,0.99,0.99,0.99,0.99
