Namespace(arch='resnet50', batch_size=16, encoder_path='output/CLIP_text/gtsrb_backdoored_encoder/model_14_tg24_imagenet.pth', encoder_usage_info='CLIP', gpu='cpu', id='_CLIP_text_gtsrb_model_14_tg24_imagenet.pth', lr=0.5, mask_init='rand', model_flag='backdoor', result_file='resultfinal_cliptxt_gtsrb.txt', seed=80, thres=0.99)
Using device: cpu
backdoor loaded: output/CLIP_text/gtsrb_backdoored_encoder/model_14_tg24_imagenet.pth
trigger: trigger/trigger_pt_white_185_24.npz
mask_size:224
shadow transform: Compose(
    Normalize(mean=(0.485, 0.456, 0.406), std=(0.229, 0.224, 0.225))
)
shadow dataset size: 20
Config: lambda_min: 1e-07, adapt_lambda: 5.0, lambda_set_patience: 10,succ_threshold: 0.99, early_stop_patience: 35,
epoch: 0  lr: 0.5000
e=0, loss=62.070640, loss_cos=-0.912659, loss_reg=62983.298915, cur_reg_best=10000000.000000, es_reg_best:10000000.000000
epoch: 1  lr: 0.5000
e=1, loss=23.221742, loss_cos=-0.715029, loss_reg=23936.771556, cur_reg_best=10000000.000000, es_reg_best:10000000.000000
epoch: 2  lr: 0.5000
step1:loss_lambda is down to 0.0002
e=2, loss=7.449692, loss_cos=-0.698322, loss_reg=8148.014655, cur_reg_best=10000000.000000, es_reg_best:10000000.000000
epoch: 3  lr: 0.5000
e=3, loss=0.113380, loss_cos=-0.656824, loss_reg=3851.021407, cur_reg_best=10000000.000000, es_reg_best:10000000.000000
epoch: 4  lr: 0.5000
e=4, loss=-0.197392, loss_cos=-0.809387, loss_reg=3059.975946, cur_reg_best=10000000.000000, es_reg_best:10000000.000000
epoch: 5  lr: 0.5000
step1:loss_lambda is down to 4e-05
e=5, loss=-0.260631, loss_cos=-0.821961, loss_reg=2806.650867, cur_reg_best=10000000.000000, es_reg_best:10000000.000000
epoch: 6  lr: 0.5000
e=6, loss=-0.769665, loss_cos=-0.876688, loss_reg=2675.560253, cur_reg_best=10000000.000000, es_reg_best:10000000.000000
epoch: 7  lr: 0.5000
e=7, loss=-0.752743, loss_cos=-0.860004, loss_reg=2681.525800, cur_reg_best=10000000.000000, es_reg_best:10000000.000000
epoch: 8  lr: 0.5000
step1:loss_lambda is down to 8.000000000000001e-06
e=8, loss=-0.773960, loss_cos=-0.882697, loss_reg=2718.415159, cur_reg_best=10000000.000000, es_reg_best:10000000.000000
epoch: 9  lr: 0.5000
e=9, loss=-0.900680, loss_cos=-0.922612, loss_reg=2741.521184, cur_reg_best=10000000.000000, es_reg_best:10000000.000000
epoch: 10  lr: 0.5000
e=10, loss=-0.885613, loss_cos=-0.907816, loss_reg=2775.311022, cur_reg_best=10000000.000000, es_reg_best:10000000.000000
epoch: 11  lr: 0.5000
step1:loss_lambda is down to 1.6000000000000004e-06
e=11, loss=-0.894103, loss_cos=-0.916627, loss_reg=2815.461594, cur_reg_best=10000000.000000, es_reg_best:10000000.000000
epoch: 12  lr: 0.5000
e=12, loss=-0.911194, loss_cos=-0.915787, loss_reg=2870.608638, cur_reg_best=10000000.000000, es_reg_best:10000000.000000
epoch: 13  lr: 0.5000
e=13, loss=-0.918788, loss_cos=-0.923503, loss_reg=2946.937510, cur_reg_best=10000000.000000, es_reg_best:10000000.000000
epoch: 14  lr: 0.5000
step1:loss_lambda is down to 3.2000000000000006e-07
e=14, loss=-0.929393, loss_cos=-0.934239, loss_reg=3028.674132, cur_reg_best=10000000.000000, es_reg_best:10000000.000000
epoch: 15  lr: 0.5000
e=15, loss=-0.941838, loss_cos=-0.942834, loss_reg=3113.185052, cur_reg_best=10000000.000000, es_reg_best:10000000.000000
epoch: 16  lr: 0.5000
e=16, loss=-0.931755, loss_cos=-0.932778, loss_reg=3194.936773, cur_reg_best=10000000.000000, es_reg_best:10000000.000000
epoch: 17  lr: 0.5000
step1:loss_lambda is down to 6.400000000000002e-08
e=17, loss=-0.940074, loss_cos=-0.941119, loss_reg=3263.227302, cur_reg_best=10000000.000000, es_reg_best:10000000.000000
epoch: 18  lr: 0.5000
e=18, loss=-0.950678, loss_cos=-0.950892, loss_reg=3346.474959, cur_reg_best=10000000.000000, es_reg_best:10000000.000000
epoch: 19  lr: 0.5000
e=19, loss=-0.957523, loss_cos=-0.957744, loss_reg=3449.373403, cur_reg_best=10000000.000000, es_reg_best:10000000.000000
epoch: 20  lr: 0.5000
step1:loss_lambda is down to 6.400000000000002e-08
e=20, loss=-0.950892, loss_cos=-0.951117, loss_reg=3518.280831, cur_reg_best=10000000.000000, es_reg_best:10000000.000000
epoch: 21  lr: 0.5000
e=21, loss=-0.958369, loss_cos=-0.958600, loss_reg=3614.258409, cur_reg_best=10000000.000000, es_reg_best:10000000.000000
epoch: 22  lr: 0.5000
e=22, loss=-0.952595, loss_cos=-0.952833, loss_reg=3720.709923, cur_reg_best=10000000.000000, es_reg_best:10000000.000000
epoch: 23  lr: 0.5000
step1:loss_lambda is down to 6.400000000000002e-08
e=23, loss=-0.964823, loss_cos=-0.965066, loss_reg=3801.474836, cur_reg_best=10000000.000000, es_reg_best:10000000.000000
epoch: 24  lr: 0.5000
e=24, loss=-0.964866, loss_cos=-0.965115, loss_reg=3898.531119, cur_reg_best=10000000.000000, es_reg_best:10000000.000000
epoch: 25  lr: 0.5000
e=25, loss=-0.960178, loss_cos=-0.960436, loss_reg=4021.452223, cur_reg_best=10000000.000000, es_reg_best:10000000.000000
epoch: 26  lr: 0.5000
step1:loss_lambda is down to 6.400000000000002e-08
e=26, loss=-0.972723, loss_cos=-0.972990, loss_reg=4161.245268, cur_reg_best=10000000.000000, es_reg_best:10000000.000000
epoch: 27  lr: 0.5000
e=27, loss=-0.965038, loss_cos=-0.965313, loss_reg=4292.149989, cur_reg_best=10000000.000000, es_reg_best:10000000.000000
epoch: 28  lr: 0.5000
e=28, loss=-0.969326, loss_cos=-0.969608, loss_reg=4403.861756, cur_reg_best=10000000.000000, es_reg_best:10000000.000000
epoch: 29  lr: 0.5000
step1:loss_lambda is down to 6.400000000000002e-08
e=29, loss=-0.968050, loss_cos=-0.968342, loss_reg=4553.356782, cur_reg_best=10000000.000000, es_reg_best:10000000.000000
epoch: 30  lr: 0.5000
e=30, loss=-0.976472, loss_cos=-0.976773, loss_reg=4701.087958, cur_reg_best=10000000.000000, es_reg_best:10000000.000000
epoch: 31  lr: 0.5000
e=31, loss=-0.978257, loss_cos=-0.978566, loss_reg=4831.963838, cur_reg_best=10000000.000000, es_reg_best:10000000.000000
epoch: 32  lr: 0.5000
step1:loss_lambda is down to 6.400000000000002e-08
e=32, loss=-0.973816, loss_cos=-0.974134, loss_reg=4975.449846, cur_reg_best=10000000.000000, es_reg_best:10000000.000000
epoch: 33  lr: 0.5000
e=33, loss=-0.980623, loss_cos=-0.980951, loss_reg=5123.946379, cur_reg_best=10000000.000000, es_reg_best:10000000.000000
epoch: 34  lr: 0.5000
e=34, loss=-0.976573, loss_cos=-0.976910, loss_reg=5265.568908, cur_reg_best=10000000.000000, es_reg_best:10000000.000000
epoch: 35  lr: 0.5000
step1:loss_lambda is down to 6.400000000000002e-08
e=35, loss=-0.977798, loss_cos=-0.978147, loss_reg=5447.939839, cur_reg_best=10000000.000000, es_reg_best:10000000.000000
epoch: 36  lr: 0.5000
e=36, loss=-0.981660, loss_cos=-0.982019, loss_reg=5612.506131, cur_reg_best=10000000.000000, es_reg_best:10000000.000000
epoch: 37  lr: 0.5000
e=37, loss=-0.979941, loss_cos=-0.980311, loss_reg=5779.528092, cur_reg_best=10000000.000000, es_reg_best:10000000.000000
epoch: 38  lr: 0.5000
step1:loss_lambda is down to 6.400000000000002e-08
e=38, loss=-0.978715, loss_cos=-0.979095, loss_reg=5941.890825, cur_reg_best=10000000.000000, es_reg_best:10000000.000000
epoch: 39  lr: 0.5000
e=39, loss=-0.979766, loss_cos=-0.980162, loss_reg=6187.607182, cur_reg_best=10000000.000000, es_reg_best:10000000.000000
epoch: 40  lr: 0.5000
e=40, loss=-0.983405, loss_cos=-0.983820, loss_reg=6491.948330, cur_reg_best=10000000.000000, es_reg_best:10000000.000000
epoch: 41  lr: 0.5000
step1:loss_lambda is down to 6.400000000000002e-08
e=41, loss=-0.982649, loss_cos=-0.983078, loss_reg=6709.363701, cur_reg_best=10000000.000000, es_reg_best:10000000.000000
epoch: 42  lr: 0.5000
e=42, loss=-0.985357, loss_cos=-0.985797, loss_reg=6872.412550, cur_reg_best=10000000.000000, es_reg_best:10000000.000000
epoch: 43  lr: 0.5000
e=43, loss=-0.980770, loss_cos=-0.981220, loss_reg=7033.237402, cur_reg_best=10000000.000000, es_reg_best:10000000.000000
epoch: 44  lr: 0.5000
step1:loss_lambda is down to 6.400000000000002e-08
e=44, loss=-0.985478, loss_cos=-0.985945, loss_reg=7294.410505, cur_reg_best=10000000.000000, es_reg_best:10000000.000000
epoch: 45  lr: 0.5000
e=45, loss=-0.983462, loss_cos=-0.983948, loss_reg=7592.505681, cur_reg_best=10000000.000000, es_reg_best:10000000.000000
epoch: 46  lr: 0.5000
e=46, loss=-0.980455, loss_cos=-0.980975, loss_reg=8129.915435, cur_reg_best=10000000.000000, es_reg_best:10000000.000000
epoch: 47  lr: 0.5000
step1:loss_lambda is down to 6.400000000000002e-08
e=47, loss=-0.983162, loss_cos=-0.983720, loss_reg=8717.984219, cur_reg_best=10000000.000000, es_reg_best:10000000.000000
epoch: 48  lr: 0.5000
e=48, loss=-0.972331, loss_cos=-0.972927, loss_reg=9310.245602, cur_reg_best=10000000.000000, es_reg_best:10000000.000000
epoch: 49  lr: 0.5000
e=49, loss=-0.979308, loss_cos=-0.979943, loss_reg=9923.201938, cur_reg_best=10000000.000000, es_reg_best:10000000.000000
epoch: 50  lr: 0.5000
step1:loss_lambda is down to 6.400000000000002e-08
e=50, loss=-0.981595, loss_cos=-0.982264, loss_reg=10451.916304, cur_reg_best=10000000.000000, es_reg_best:10000000.000000
epoch: 51  lr: 0.5000
e=51, loss=-0.978697, loss_cos=-0.979403, loss_reg=11025.532443, cur_reg_best=10000000.000000, es_reg_best:10000000.000000
epoch: 52  lr: 0.5000
e=52, loss=-0.982712, loss_cos=-0.983454, loss_reg=11589.973882, cur_reg_best=10000000.000000, es_reg_best:10000000.000000
epoch: 53  lr: 0.5000
step1:loss_lambda is down to 6.400000000000002e-08
e=53, loss=-0.984948, loss_cos=-0.985724, loss_reg=12120.061462, cur_reg_best=10000000.000000, es_reg_best:10000000.000000
epoch: 54  lr: 0.5000
e=54, loss=-0.984802, loss_cos=-0.985609, loss_reg=12608.767524, cur_reg_best=10000000.000000, es_reg_best:10000000.000000
epoch: 55  lr: 0.5000
e=55, loss=-0.977101, loss_cos=-0.977946, loss_reg=13199.083795, cur_reg_best=10000000.000000, es_reg_best:10000000.000000
epoch: 56  lr: 0.5000
step1:loss_lambda is down to 6.400000000000002e-08
e=56, loss=-0.980971, loss_cos=-0.981856, loss_reg=13838.062358, cur_reg_best=10000000.000000, es_reg_best:10000000.000000
epoch: 57  lr: 0.5000
e=57, loss=-0.984881, loss_cos=-0.985801, loss_reg=14382.900059, cur_reg_best=10000000.000000, es_reg_best:10000000.000000
epoch: 58  lr: 0.5000
e=58, loss=-0.988555, loss_cos=-0.989503, loss_reg=14807.442258, cur_reg_best=14873.129721, es_reg_best:14873.129721
epoch: 59  lr: 0.5000
e=59, loss=-0.986743, loss_cos=-0.987711, loss_reg=15115.348914, cur_reg_best=14873.129721, es_reg_best:14873.129721
epoch: 60  lr: 0.5000
e=60, loss=-0.984802, loss_cos=-0.985785, loss_reg=15367.225889, cur_reg_best=14873.129721, es_reg_best:14873.129721
epoch: 61  lr: 0.5000
step1:loss_lambda is down to 6.400000000000002e-08
e=61, loss=-0.986919, loss_cos=-0.987931, loss_reg=15802.413089, cur_reg_best=14873.129721, es_reg_best:14873.129721
epoch: 62  lr: 0.5000
e=62, loss=-0.986273, loss_cos=-0.987317, loss_reg=16310.807888, cur_reg_best=14873.129721, es_reg_best:14873.129721
epoch: 63  lr: 0.5000
e=63, loss=-0.981664, loss_cos=-0.982738, loss_reg=16786.979263, cur_reg_best=14873.129721, es_reg_best:14873.129721
epoch: 64  lr: 0.5000
e=64, loss=-0.989092, loss_cos=-0.990189, loss_reg=17133.973185, cur_reg_best=14873.129721, es_reg_best:14873.129721
epoch: 65  lr: 0.5000
e=65, loss=-0.985476, loss_cos=-0.986594, loss_reg=17462.757777, cur_reg_best=14873.129721, es_reg_best:14873.129721
epoch: 66  lr: 0.5000
e=66, loss=-0.989010, loss_cos=-0.990141, loss_reg=17678.732127, cur_reg_best=14873.129721, es_reg_best:14873.129721
epoch: 67  lr: 0.5000
e=67, loss=-0.988154, loss_cos=-0.989308, loss_reg=18028.760136, cur_reg_best=14873.129721, es_reg_best:14873.129721
epoch: 68  lr: 0.5000
e=68, loss=-0.990727, loss_cos=-0.991899, loss_reg=18315.641400, cur_reg_best=14873.129721, es_reg_best:14873.129721
epoch: 69  lr: 0.5000
e=69, loss=-0.990998, loss_cos=-0.992188, loss_reg=18596.456459, cur_reg_best=14873.129721, es_reg_best:14873.129721
epoch: 70  lr: 0.5000
e=70, loss=-0.989029, loss_cos=-0.990233, loss_reg=18804.974560, cur_reg_best=14873.129721, es_reg_best:14873.129721
epoch: 71  lr: 0.5000
e=71, loss=-0.989235, loss_cos=-0.990463, loss_reg=19172.667525, cur_reg_best=14873.129721, es_reg_best:14873.129721
epoch: 72  lr: 0.5000
e=72, loss=-0.990411, loss_cos=-0.991656, loss_reg=19454.054508, cur_reg_best=14873.129721, es_reg_best:14873.129721
epoch: 73  lr: 0.5000
e=73, loss=-0.992138, loss_cos=-0.993398, loss_reg=19690.234370, cur_reg_best=14873.129721, es_reg_best:14873.129721
epoch: 74  lr: 0.5000
step1:loss_lambda is up to 3.200000000000001e-07
e=74, loss=-0.991196, loss_cos=-0.992465, loss_reg=19830.735654, cur_reg_best=14873.129721, es_reg_best:14873.129721
epoch: 75  lr: 0.5000
e=75, loss=-0.987090, loss_cos=-0.993506, loss_reg=20050.414108, cur_reg_best=14873.129721, es_reg_best:14873.129721
epoch: 76  lr: 0.5000
e=76, loss=-0.987701, loss_cos=-0.994165, loss_reg=20198.007060, cur_reg_best=14873.129721, es_reg_best:14873.129721
Early stop!
End:474.1174s
L1:14873.1297:output/CLIP_text/gtsrb_backdoored_encoder/model_14_tg24_imagenet.pth:
reg: 62983.3,23936.77,8148.01,3851.02,3059.98,2806.65,2675.56,2681.53,2718.42,2741.52,2775.31,2815.46,2870.61,2946.94,3028.67,3113.19,3194.94,3263.23,3346.47,3449.37,3518.28,3614.26,3720.71,3801.47,3898.53,4021.45,4161.25,4292.15,4403.86,4553.36,4701.09,4831.96,4975.45,5123.95,5265.57,5447.94,5612.51,5779.53,5941.89,6187.61,6491.95,6709.36,6872.41,7033.24,7294.41,7592.51,8129.92,8717.98,9310.25,9923.2,10451.92,11025.53,11589.97,12120.06,12608.77,13199.08,13838.06,14382.9,14807.44,15115.35,15367.23,15802.41,16310.81,16786.98,17133.97,17462.76,17678.73,18028.76,18315.64,18596.46,18804.97,19172.67,19454.05,19690.23,19830.74,20050.41,20198.01
cos: 0.91,0.72,0.7,0.66,0.81,0.82,0.88,0.86,0.88,0.92,0.91,0.92,0.92,0.92,0.93,0.94,0.93,0.94,0.95,0.96,0.95,0.96,0.95,0.97,0.97,0.96,0.97,0.97,0.97,0.97,0.98,0.98,0.97,0.98,0.98,0.98,0.98,0.98,0.98,0.98,0.98,0.98,0.99,0.98,0.99,0.98,0.98,0.98,0.97,0.98,0.98,0.98,0.98,0.99,0.99,0.98,0.98,0.99,0.99,0.99,0.99,0.99,0.99,0.98,0.99,0.99,0.99,0.99,0.99,0.99,0.99,0.99,0.99,0.99,0.99,0.99,0.99
