Namespace(arch='resnet50', batch_size=16, encoder_path='output/CLIP_text/gtsrb_backdoored_encoder/model_16_tg24_imagenet.pth', encoder_usage_info='CLIP', gpu='cpu', id='_CLIP_text_gtsrb_model_16_tg24_imagenet.pth', lr=0.5, mask_init='rand', model_flag='backdoor', result_file='resultfinal_cliptxt_gtsrb.txt', seed=80, thres=0.99)
Using device: cpu
backdoor loaded: output/CLIP_text/gtsrb_backdoored_encoder/model_16_tg24_imagenet.pth
trigger: trigger/trigger_pt_white_185_24.npz
mask_size:224
shadow transform: Compose(
    Normalize(mean=(0.485, 0.456, 0.406), std=(0.229, 0.224, 0.225))
)
shadow dataset size: 20
Config: lambda_min: 1e-07, adapt_lambda: 5.0, lambda_set_patience: 10,succ_threshold: 0.99, early_stop_patience: 35,
epoch: 0  lr: 0.5000
e=0, loss=62.089212, loss_cos=-0.893771, loss_reg=62982.983193, cur_reg_best=10000000.000000, es_reg_best:10000000.000000
epoch: 1  lr: 0.5000
e=1, loss=23.145569, loss_cos=-0.773756, loss_reg=23919.325066, cur_reg_best=10000000.000000, es_reg_best:10000000.000000
epoch: 2  lr: 0.5000
step1:loss_lambda is down to 0.0002
e=2, loss=6.971604, loss_cos=-0.722785, loss_reg=7694.388793, cur_reg_best=10000000.000000, es_reg_best:10000000.000000
epoch: 3  lr: 0.5000
e=3, loss=-0.082556, loss_cos=-0.751786, loss_reg=3346.149595, cur_reg_best=10000000.000000, es_reg_best:10000000.000000
epoch: 4  lr: 0.5000
e=4, loss=-0.338978, loss_cos=-0.840685, loss_reg=2508.538837, cur_reg_best=10000000.000000, es_reg_best:10000000.000000
epoch: 5  lr: 0.5000
step1:loss_lambda is down to 4e-05
e=5, loss=-0.402202, loss_cos=-0.848709, loss_reg=2232.535747, cur_reg_best=10000000.000000, es_reg_best:10000000.000000
epoch: 6  lr: 0.5000
e=6, loss=-0.798143, loss_cos=-0.881840, loss_reg=2092.428170, cur_reg_best=10000000.000000, es_reg_best:10000000.000000
epoch: 7  lr: 0.5000
e=7, loss=-0.782089, loss_cos=-0.865600, loss_reg=2087.768969, cur_reg_best=10000000.000000, es_reg_best:10000000.000000
epoch: 8  lr: 0.5000
step1:loss_lambda is down to 8.000000000000001e-06
e=8, loss=-0.799904, loss_cos=-0.884320, loss_reg=2110.394625, cur_reg_best=10000000.000000, es_reg_best:10000000.000000
epoch: 9  lr: 0.5000
e=9, loss=-0.902270, loss_cos=-0.919382, loss_reg=2139.045414, cur_reg_best=10000000.000000, es_reg_best:10000000.000000
epoch: 10  lr: 0.5000
e=10, loss=-0.892598, loss_cos=-0.910027, loss_reg=2178.658670, cur_reg_best=10000000.000000, es_reg_best:10000000.000000
epoch: 11  lr: 0.5000
step1:loss_lambda is down to 1.6000000000000004e-06
e=11, loss=-0.903801, loss_cos=-0.921603, loss_reg=2225.291510, cur_reg_best=10000000.000000, es_reg_best:10000000.000000
epoch: 12  lr: 0.5000
e=12, loss=-0.915422, loss_cos=-0.919071, loss_reg=2280.329395, cur_reg_best=10000000.000000, es_reg_best:10000000.000000
epoch: 13  lr: 0.5000
e=13, loss=-0.921513, loss_cos=-0.925269, loss_reg=2347.838197, cur_reg_best=10000000.000000, es_reg_best:10000000.000000
epoch: 14  lr: 0.5000
step1:loss_lambda is down to 3.2000000000000006e-07
e=14, loss=-0.927588, loss_cos=-0.931481, loss_reg=2433.041037, cur_reg_best=10000000.000000, es_reg_best:10000000.000000
epoch: 15  lr: 0.5000
e=15, loss=-0.943117, loss_cos=-0.943919, loss_reg=2506.842003, cur_reg_best=10000000.000000, es_reg_best:10000000.000000
epoch: 16  lr: 0.5000
e=16, loss=-0.935832, loss_cos=-0.936654, loss_reg=2566.664496, cur_reg_best=10000000.000000, es_reg_best:10000000.000000
epoch: 17  lr: 0.5000
step1:loss_lambda is down to 6.400000000000002e-08
e=17, loss=-0.940490, loss_cos=-0.941327, loss_reg=2616.030244, cur_reg_best=10000000.000000, es_reg_best:10000000.000000
epoch: 18  lr: 0.5000
e=18, loss=-0.951282, loss_cos=-0.951455, loss_reg=2701.431458, cur_reg_best=10000000.000000, es_reg_best:10000000.000000
epoch: 19  lr: 0.5000
e=19, loss=-0.954778, loss_cos=-0.954956, loss_reg=2781.868972, cur_reg_best=10000000.000000, es_reg_best:10000000.000000
epoch: 20  lr: 0.5000
step1:loss_lambda is down to 6.400000000000002e-08
e=20, loss=-0.949119, loss_cos=-0.949301, loss_reg=2845.141023, cur_reg_best=10000000.000000, es_reg_best:10000000.000000
epoch: 21  lr: 0.5000
e=21, loss=-0.957882, loss_cos=-0.958068, loss_reg=2918.336433, cur_reg_best=10000000.000000, es_reg_best:10000000.000000
epoch: 22  lr: 0.5000
e=22, loss=-0.952361, loss_cos=-0.952553, loss_reg=3002.072822, cur_reg_best=10000000.000000, es_reg_best:10000000.000000
epoch: 23  lr: 0.5000
step1:loss_lambda is down to 6.400000000000002e-08
e=23, loss=-0.965009, loss_cos=-0.965207, loss_reg=3085.260569, cur_reg_best=10000000.000000, es_reg_best:10000000.000000
epoch: 24  lr: 0.5000
e=24, loss=-0.962822, loss_cos=-0.963026, loss_reg=3184.943534, cur_reg_best=10000000.000000, es_reg_best:10000000.000000
epoch: 25  lr: 0.5000
e=25, loss=-0.961267, loss_cos=-0.961477, loss_reg=3287.424751, cur_reg_best=10000000.000000, es_reg_best:10000000.000000
epoch: 26  lr: 0.5000
step1:loss_lambda is down to 6.400000000000002e-08
e=26, loss=-0.970680, loss_cos=-0.970898, loss_reg=3399.480708, cur_reg_best=10000000.000000, es_reg_best:10000000.000000
epoch: 27  lr: 0.5000
e=27, loss=-0.966734, loss_cos=-0.966961, loss_reg=3534.355855, cur_reg_best=10000000.000000, es_reg_best:10000000.000000
epoch: 28  lr: 0.5000
e=28, loss=-0.968532, loss_cos=-0.968766, loss_reg=3661.395197, cur_reg_best=10000000.000000, es_reg_best:10000000.000000
epoch: 29  lr: 0.5000
step1:loss_lambda is down to 6.400000000000002e-08
e=29, loss=-0.969793, loss_cos=-0.970035, loss_reg=3780.096472, cur_reg_best=10000000.000000, es_reg_best:10000000.000000
epoch: 30  lr: 0.5000
e=30, loss=-0.975341, loss_cos=-0.975593, loss_reg=3936.773304, cur_reg_best=10000000.000000, es_reg_best:10000000.000000
epoch: 31  lr: 0.5000
e=31, loss=-0.977898, loss_cos=-0.978157, loss_reg=4044.371831, cur_reg_best=10000000.000000, es_reg_best:10000000.000000
epoch: 32  lr: 0.5000
step1:loss_lambda is down to 6.400000000000002e-08
e=32, loss=-0.973160, loss_cos=-0.973427, loss_reg=4164.084561, cur_reg_best=10000000.000000, es_reg_best:10000000.000000
epoch: 33  lr: 0.5000
e=33, loss=-0.979790, loss_cos=-0.980066, loss_reg=4312.300823, cur_reg_best=10000000.000000, es_reg_best:10000000.000000
epoch: 34  lr: 0.5000
e=34, loss=-0.976444, loss_cos=-0.976731, loss_reg=4472.763454, cur_reg_best=10000000.000000, es_reg_best:10000000.000000
epoch: 35  lr: 0.5000
step1:loss_lambda is down to 6.400000000000002e-08
e=35, loss=-0.976458, loss_cos=-0.976756, loss_reg=4650.558091, cur_reg_best=10000000.000000, es_reg_best:10000000.000000
epoch: 36  lr: 0.5000
e=36, loss=-0.980019, loss_cos=-0.980330, loss_reg=4859.391531, cur_reg_best=10000000.000000, es_reg_best:10000000.000000
epoch: 37  lr: 0.5000
e=37, loss=-0.976200, loss_cos=-0.976525, loss_reg=5076.068059, cur_reg_best=10000000.000000, es_reg_best:10000000.000000
epoch: 38  lr: 0.5000
step1:loss_lambda is down to 6.400000000000002e-08
e=38, loss=-0.976392, loss_cos=-0.976731, loss_reg=5293.288188, cur_reg_best=10000000.000000, es_reg_best:10000000.000000
epoch: 39  lr: 0.5000
e=39, loss=-0.981285, loss_cos=-0.981639, loss_reg=5529.802275, cur_reg_best=10000000.000000, es_reg_best:10000000.000000
epoch: 40  lr: 0.5000
e=40, loss=-0.982658, loss_cos=-0.983030, loss_reg=5799.620859, cur_reg_best=10000000.000000, es_reg_best:10000000.000000
epoch: 41  lr: 0.5000
step1:loss_lambda is down to 6.400000000000002e-08
e=41, loss=-0.981489, loss_cos=-0.981880, loss_reg=6108.173202, cur_reg_best=10000000.000000, es_reg_best:10000000.000000
epoch: 42  lr: 0.5000
e=42, loss=-0.984909, loss_cos=-0.985314, loss_reg=6327.143193, cur_reg_best=10000000.000000, es_reg_best:10000000.000000
epoch: 43  lr: 0.5000
e=43, loss=-0.982245, loss_cos=-0.982662, loss_reg=6514.496044, cur_reg_best=10000000.000000, es_reg_best:10000000.000000
epoch: 44  lr: 0.5000
step1:loss_lambda is down to 6.400000000000002e-08
e=44, loss=-0.986182, loss_cos=-0.986610, loss_reg=6684.138324, cur_reg_best=10000000.000000, es_reg_best:10000000.000000
epoch: 45  lr: 0.5000
e=45, loss=-0.985057, loss_cos=-0.985502, loss_reg=6949.247508, cur_reg_best=10000000.000000, es_reg_best:10000000.000000
epoch: 46  lr: 0.5000
e=46, loss=-0.985720, loss_cos=-0.986186, loss_reg=7277.364581, cur_reg_best=10000000.000000, es_reg_best:10000000.000000
epoch: 47  lr: 0.5000
e=47, loss=-0.987193, loss_cos=-0.987676, loss_reg=7540.114049, cur_reg_best=7598.254128, es_reg_best:7598.254128
epoch: 48  lr: 0.5000
e=48, loss=-0.979326, loss_cos=-0.979828, loss_reg=7849.777181, cur_reg_best=7598.254128, es_reg_best:7598.254128
epoch: 49  lr: 0.5000
e=49, loss=-0.982911, loss_cos=-0.983436, loss_reg=8206.210527, cur_reg_best=7598.254128, es_reg_best:7598.254128
epoch: 50  lr: 0.5000
step1:loss_lambda is down to 6.400000000000002e-08
e=50, loss=-0.985926, loss_cos=-0.986481, loss_reg=8668.515950, cur_reg_best=7598.254128, es_reg_best:7598.254128
epoch: 51  lr: 0.5000
e=51, loss=-0.982770, loss_cos=-0.983353, loss_reg=9117.008062, cur_reg_best=7598.254128, es_reg_best:7598.254128
epoch: 52  lr: 0.5000
e=52, loss=-0.985739, loss_cos=-0.986345, loss_reg=9475.635569, cur_reg_best=7598.254128, es_reg_best:7598.254128
epoch: 53  lr: 0.5000
step1:loss_lambda is down to 6.400000000000002e-08
e=53, loss=-0.987242, loss_cos=-0.987883, loss_reg=10013.329251, cur_reg_best=7598.254128, es_reg_best:7598.254128
epoch: 54  lr: 0.5000
e=54, loss=-0.988276, loss_cos=-0.988952, loss_reg=10566.667557, cur_reg_best=7598.254128, es_reg_best:7598.254128
epoch: 55  lr: 0.5000
e=55, loss=-0.984994, loss_cos=-0.985699, loss_reg=11010.659408, cur_reg_best=7598.254128, es_reg_best:7598.254128
epoch: 56  lr: 0.5000
e=56, loss=-0.984244, loss_cos=-0.984982, loss_reg=11539.003268, cur_reg_best=7598.254128, es_reg_best:7598.254128
epoch: 57  lr: 0.5000
step1:loss_lambda is down to 6.400000000000002e-08
e=57, loss=-0.986103, loss_cos=-0.986882, loss_reg=12169.074272, cur_reg_best=7598.254128, es_reg_best:7598.254128
epoch: 58  lr: 0.5000
e=58, loss=-0.988950, loss_cos=-0.989754, loss_reg=12551.899612, cur_reg_best=7598.254128, es_reg_best:7598.254128
epoch: 59  lr: 0.5000
e=59, loss=-0.986765, loss_cos=-0.987591, loss_reg=12904.808251, cur_reg_best=7598.254128, es_reg_best:7598.254128
epoch: 60  lr: 0.5000
e=60, loss=-0.988399, loss_cos=-0.989243, loss_reg=13193.310314, cur_reg_best=7598.254128, es_reg_best:7598.254128
epoch: 61  lr: 0.5000
e=61, loss=-0.990056, loss_cos=-0.990926, loss_reg=13582.693169, cur_reg_best=7598.254128, es_reg_best:7598.254128
epoch: 62  lr: 0.5000
e=62, loss=-0.988332, loss_cos=-0.989222, loss_reg=13899.201639, cur_reg_best=7598.254128, es_reg_best:7598.254128
epoch: 63  lr: 0.5000
e=63, loss=-0.984103, loss_cos=-0.985009, loss_reg=14164.715058, cur_reg_best=7598.254128, es_reg_best:7598.254128
epoch: 64  lr: 0.5000
e=64, loss=-0.990794, loss_cos=-0.991725, loss_reg=14545.647503, cur_reg_best=7598.254128, es_reg_best:7598.254128
epoch: 65  lr: 0.5000
e=65, loss=-0.987735, loss_cos=-0.988693, loss_reg=14964.167643, cur_reg_best=7598.254128, es_reg_best:7598.254128
epoch: 66  lr: 0.5000
e=66, loss=-0.990043, loss_cos=-0.991026, loss_reg=15355.617934, cur_reg_best=7598.254128, es_reg_best:7598.254128
Early stop!
End:411.9121s
L1:7598.2541:output/CLIP_text/gtsrb_backdoored_encoder/model_16_tg24_imagenet.pth:
reg: 62982.98,23919.33,7694.39,3346.15,2508.54,2232.54,2092.43,2087.77,2110.39,2139.05,2178.66,2225.29,2280.33,2347.84,2433.04,2506.84,2566.66,2616.03,2701.43,2781.87,2845.14,2918.34,3002.07,3085.26,3184.94,3287.42,3399.48,3534.36,3661.4,3780.1,3936.77,4044.37,4164.08,4312.3,4472.76,4650.56,4859.39,5076.07,5293.29,5529.8,5799.62,6108.17,6327.14,6514.5,6684.14,6949.25,7277.36,7540.11,7849.78,8206.21,8668.52,9117.01,9475.64,10013.33,10566.67,11010.66,11539.0,12169.07,12551.9,12904.81,13193.31,13582.69,13899.2,14164.72,14545.65,14964.17,15355.62
cos: 0.89,0.77,0.72,0.75,0.84,0.85,0.88,0.87,0.88,0.92,0.91,0.92,0.92,0.93,0.93,0.94,0.94,0.94,0.95,0.95,0.95,0.96,0.95,0.97,0.96,0.96,0.97,0.97,0.97,0.97,0.98,0.98,0.97,0.98,0.98,0.98,0.98,0.98,0.98,0.98,0.98,0.98,0.99,0.98,0.99,0.99,0.99,0.99,0.98,0.98,0.99,0.98,0.99,0.99,0.99,0.99,0.98,0.99,0.99,0.99,0.99,0.99,0.99,0.99,0.99,0.99,0.99
